[0.007s] Invoking command in '/home/adrian/Escritorio/modelado/modelado-ws/build/roverto_moveit_config': CMAKE_PREFIX_PATH=${CMAKE_PREFIX_PATH}:/home/adrian/Escritorio/vision/vision-ws/install/yolo_ros:/opt/ros/jazzy DEBUGINFOD_URLS=https://debuginfod.ubuntu.com /usr/bin/cmake /home/adrian/Escritorio/modelado/modelado-ws/src/roverto_moveit_config -DAMENT_CMAKE_SYMLINK_INSTALL=1 -DCMAKE_INSTALL_PREFIX=/home/adrian/Escritorio/modelado/modelado-ws/install/roverto_moveit_config
[0.075s] -- The C compiler identification is GNU 13.3.0
[0.164s] -- The CXX compiler identification is GNU 13.3.0
[0.179s] -- Detecting C compiler ABI info
[0.261s] -- Detecting C compiler ABI info - done
[0.267s] -- Check for working C compiler: /usr/bin/cc - skipped
[0.267s] -- Detecting C compile features
[0.267s] -- Detecting C compile features - done
[0.275s] -- Detecting CXX compiler ABI info
[0.340s] -- Detecting CXX compiler ABI info - done
[0.346s] -- Check for working CXX compiler: /usr/bin/c++ - skipped
[0.346s] -- Detecting CXX compile features
[0.346s] -- Detecting CXX compile features - done
[0.353s] -- Found ament_cmake: 2.5.4 (/opt/ros/jazzy/share/ament_cmake/cmake)
[0.451s] -- Found Python3: /usr/bin/python3 (found version "3.12.3") found components: Interpreter 
[0.499s] -- Override CMake install command with custom implementation using symlinks instead of copying resources
[0.529s] -- Found ament_lint_auto: 0.17.2 (/opt/ros/jazzy/share/ament_lint_auto/cmake)
[0.597s] -- Added test 'lint_cmake' to check CMake code style
[0.598s] -- Added test 'xmllint' to check XML markup files
[0.599s] -- Configuring done (0.6s)
[0.601s] -- Generating done (0.0s)
[0.601s] -- Build files have been written to: /home/adrian/Escritorio/modelado/modelado-ws/build/roverto_moveit_config
[0.605s] Invoked command in '/home/adrian/Escritorio/modelado/modelado-ws/build/roverto_moveit_config' returned '0': CMAKE_PREFIX_PATH=${CMAKE_PREFIX_PATH}:/home/adrian/Escritorio/vision/vision-ws/install/yolo_ros:/opt/ros/jazzy DEBUGINFOD_URLS=https://debuginfod.ubuntu.com /usr/bin/cmake /home/adrian/Escritorio/modelado/modelado-ws/src/roverto_moveit_config -DAMENT_CMAKE_SYMLINK_INSTALL=1 -DCMAKE_INSTALL_PREFIX=/home/adrian/Escritorio/modelado/modelado-ws/install/roverto_moveit_config
[0.606s] Invoking command in '/home/adrian/Escritorio/modelado/modelado-ws/build/roverto_moveit_config': CMAKE_PREFIX_PATH=${CMAKE_PREFIX_PATH}:/home/adrian/Escritorio/vision/vision-ws/install/yolo_ros:/opt/ros/jazzy DEBUGINFOD_URLS=https://debuginfod.ubuntu.com /usr/bin/cmake --build /home/adrian/Escritorio/modelado/modelado-ws/build/roverto_moveit_config -- -j16 -l16
[0.632s] Invoked command in '/home/adrian/Escritorio/modelado/modelado-ws/build/roverto_moveit_config' returned '0': CMAKE_PREFIX_PATH=${CMAKE_PREFIX_PATH}:/home/adrian/Escritorio/vision/vision-ws/install/yolo_ros:/opt/ros/jazzy DEBUGINFOD_URLS=https://debuginfod.ubuntu.com /usr/bin/cmake --build /home/adrian/Escritorio/modelado/modelado-ws/build/roverto_moveit_config -- -j16 -l16
[0.632s] Invoking command in '/home/adrian/Escritorio/modelado/modelado-ws/build/roverto_moveit_config': CMAKE_PREFIX_PATH=${CMAKE_PREFIX_PATH}:/home/adrian/Escritorio/vision/vision-ws/install/yolo_ros:/opt/ros/jazzy DEBUGINFOD_URLS=https://debuginfod.ubuntu.com /usr/bin/cmake --install /home/adrian/Escritorio/modelado/modelado-ws/build/roverto_moveit_config
[0.637s] -- Install configuration: ""
[0.637s] -- Execute custom install script
[0.637s] -- Symlinking: /home/adrian/Escritorio/modelado/modelado-ws/install/roverto_moveit_config/share/ament_index/resource_index/package_run_dependencies/roverto_moveit_config
[0.644s] -- Symlinking: /home/adrian/Escritorio/modelado/modelado-ws/install/roverto_moveit_config/share/ament_index/resource_index/parent_prefix_path/roverto_moveit_config
[0.649s] -- Symlinking: /home/adrian/Escritorio/modelado/modelado-ws/install/roverto_moveit_config/share/roverto_moveit_config/environment/ament_prefix_path.sh
[0.655s] -- Symlinking: /home/adrian/Escritorio/modelado/modelado-ws/install/roverto_moveit_config/share/roverto_moveit_config/environment/ament_prefix_path.dsv
[0.661s] -- Symlinking: /home/adrian/Escritorio/modelado/modelado-ws/install/roverto_moveit_config/share/roverto_moveit_config/environment/path.sh
[0.668s] -- Symlinking: /home/adrian/Escritorio/modelado/modelado-ws/install/roverto_moveit_config/share/roverto_moveit_config/environment/path.dsv
[0.673s] -- Symlinking: /home/adrian/Escritorio/modelado/modelado-ws/install/roverto_moveit_config/share/roverto_moveit_config/local_setup.bash
[0.679s] -- Symlinking: /home/adrian/Escritorio/modelado/modelado-ws/install/roverto_moveit_config/share/roverto_moveit_config/local_setup.sh
[0.684s] -- Symlinking: /home/adrian/Escritorio/modelado/modelado-ws/install/roverto_moveit_config/share/roverto_moveit_config/local_setup.zsh
[0.689s] -- Symlinking: /home/adrian/Escritorio/modelado/modelado-ws/install/roverto_moveit_config/share/roverto_moveit_config/local_setup.dsv
[0.696s] -- Symlinking: /home/adrian/Escritorio/modelado/modelado-ws/install/roverto_moveit_config/share/roverto_moveit_config/package.dsv
[0.701s] -- Symlinking: /home/adrian/Escritorio/modelado/modelado-ws/install/roverto_moveit_config/share/ament_index/resource_index/packages/roverto_moveit_config
[0.707s] -- Symlinking: /home/adrian/Escritorio/modelado/modelado-ws/install/roverto_moveit_config/share/roverto_moveit_config/cmake/roverto_moveit_configConfig.cmake
[0.713s] -- Symlinking: /home/adrian/Escritorio/modelado/modelado-ws/install/roverto_moveit_config/share/roverto_moveit_config/cmake/roverto_moveit_configConfig-version.cmake
[0.719s] -- Symlinking: /home/adrian/Escritorio/modelado/modelado-ws/install/roverto_moveit_config/share/roverto_moveit_config/package.xml
[0.726s] Invoked command in '/home/adrian/Escritorio/modelado/modelado-ws/build/roverto_moveit_config' returned '0': CMAKE_PREFIX_PATH=${CMAKE_PREFIX_PATH}:/home/adrian/Escritorio/vision/vision-ws/install/yolo_ros:/opt/ros/jazzy DEBUGINFOD_URLS=https://debuginfod.ubuntu.com /usr/bin/cmake --install /home/adrian/Escritorio/modelado/modelado-ws/build/roverto_moveit_config
