[0.006s] Invoking command in '/home/adrian/Escritorio/modelado/modelado-ws/build/urjc_excavation_world': CMAKE_PREFIX_PATH=${CMAKE_PREFIX_PATH}:/home/adrian/Escritorio/vision/vision-ws/install/yolo_ros:/opt/ros/jazzy DEBUGINFOD_URLS=https://debuginfod.ubuntu.com /usr/bin/cmake /home/adrian/Escritorio/modelado/modelado-ws/src/urjc-excavation-world -DAMENT_CMAKE_SYMLINK_INSTALL=1 -DCMAKE_INSTALL_PREFIX=/home/adrian/Escritorio/modelado/modelado-ws/install/urjc_excavation_world
[0.125s] -- The C compiler identification is GNU 13.3.0
[0.215s] -- The CXX compiler identification is GNU 13.3.0
[0.229s] -- Detecting C compiler ABI info
[0.292s] -- Detecting C compiler ABI info - done
[0.298s] -- Check for working C compiler: /usr/bin/cc - skipped
[0.298s] -- Detecting C compile features
[0.298s] -- Detecting C compile features - done
[0.306s] -- Detecting CXX compiler ABI info
[0.373s] -- Detecting CXX compiler ABI info - done
[0.379s] -- Check for working CXX compiler: /usr/bin/c++ - skipped
[0.379s] -- Detecting CXX compile features
[0.379s] -- Detecting CXX compile features - done
[0.390s] -- Configuring incomplete, errors occurred!
[0.391s] [31mCMake Error at CMakeLists.txt:4 (find_package):
[0.391s]   By not providing "Findros_gz_sim.cmake" in CMAKE_MODULE_PATH this project
[0.391s]   has asked CMake to find a package configuration file provided by
[0.391s]   "ros_gz_sim", but CMake did not find one.
[0.391s] 
[0.391s]   Could not find a package configuration file provided by "ros_gz_sim" with
[0.391s]   any of the following names:
[0.391s] 
[0.391s]     ros_gz_simConfig.cmake
[0.391s]     ros_gz_sim-config.cmake
[0.391s] 
[0.391s]   Add the installation prefix of "ros_gz_sim" to CMAKE_PREFIX_PATH or set
[0.391s]   "ros_gz_sim_DIR" to a directory containing one of the above files.  If
[0.391s]   "ros_gz_sim" provides a separate development package or SDK, be sure it has
[0.391s]   been installed.
[0.392s] 
[0.392s] [0m
[0.392s] Invoked command in '/home/adrian/Escritorio/modelado/modelado-ws/build/urjc_excavation_world' returned '1': CMAKE_PREFIX_PATH=${CMAKE_PREFIX_PATH}:/home/adrian/Escritorio/vision/vision-ws/install/yolo_ros:/opt/ros/jazzy DEBUGINFOD_URLS=https://debuginfod.ubuntu.com /usr/bin/cmake /home/adrian/Escritorio/modelado/modelado-ws/src/urjc-excavation-world -DAMENT_CMAKE_SYMLINK_INSTALL=1 -DCMAKE_INSTALL_PREFIX=/home/adrian/Escritorio/modelado/modelado-ws/install/urjc_excavation_world
