-- Found ament_cmake: 2.5.4 (/opt/ros/jazzy/share/ament_cmake/cmake)
-- Override CMake install command with custom implementation using symlinks instead of copying resources
-- Configuring done (0.2s)
-- Generating done (0.0s)
-- Build files have been written to: /home/adrian/Escritorio/modelado/modelado-ws/build/roverto_moveit_config
-- Install configuration: ""
-- Execute custom install script
-- Up-to-date symlink: /home/adrian/Escritorio/modelado/modelado-ws/install/roverto_moveit_config/share/ament_index/resource_index/package_run_dependencies/roverto_moveit_config
-- Up-to-date symlink: /home/adrian/Escritorio/modelado/modelado-ws/install/roverto_moveit_config/share/ament_index/resource_index/parent_prefix_path/roverto_moveit_config
-- Up-to-date symlink: /home/adrian/Escritorio/modelado/modelado-ws/install/roverto_moveit_config/share/roverto_moveit_config/environment/ament_prefix_path.sh
-- Up-to-date symlink: /home/adrian/Escritorio/modelado/modelado-ws/install/roverto_moveit_config/share/roverto_moveit_config/environment/ament_prefix_path.dsv
-- Up-to-date symlink: /home/adrian/Escritorio/modelado/modelado-ws/install/roverto_moveit_config/share/roverto_moveit_config/environment/path.sh
-- Up-to-date symlink: /home/adrian/Escritorio/modelado/modelado-ws/install/roverto_moveit_config/share/roverto_moveit_config/environment/path.dsv
-- Up-to-date symlink: /home/adrian/Escritorio/modelado/modelado-ws/install/roverto_moveit_config/share/roverto_moveit_config/local_setup.bash
-- Up-to-date symlink: /home/adrian/Escritorio/modelado/modelado-ws/install/roverto_moveit_config/share/roverto_moveit_config/local_setup.sh
-- Up-to-date symlink: /home/adrian/Escritorio/modelado/modelado-ws/install/roverto_moveit_config/share/roverto_moveit_config/local_setup.zsh
-- Up-to-date symlink: /home/adrian/Escritorio/modelado/modelado-ws/install/roverto_moveit_config/share/roverto_moveit_config/local_setup.dsv
-- Symlinking: /home/adrian/Escritorio/modelado/modelado-ws/install/roverto_moveit_config/share/roverto_moveit_config/package.dsv
-- Up-to-date symlink: /home/adrian/Escritorio/modelado/modelado-ws/install/roverto_moveit_config/share/ament_index/resource_index/packages/roverto_moveit_config
-- Up-to-date symlink: /home/adrian/Escritorio/modelado/modelado-ws/install/roverto_moveit_config/share/roverto_moveit_config/cmake/roverto_moveit_configConfig.cmake
-- Up-to-date symlink: /home/adrian/Escritorio/modelado/modelado-ws/install/roverto_moveit_config/share/roverto_moveit_config/cmake/roverto_moveit_configConfig-version.cmake
-- Up-to-date symlink: /home/adrian/Escritorio/modelado/modelado-ws/install/roverto_moveit_config/share/roverto_moveit_config/package.xml
-- Symlinking: /home/adrian/Escritorio/modelado/modelado-ws/install/roverto_moveit_config/share/roverto_moveit_config/launch/demo.launch.py
-- Symlinking: /home/adrian/Escritorio/modelado/modelado-ws/install/roverto_moveit_config/share/roverto_moveit_config/launch/move_group.launch.py
-- Symlinking: /home/adrian/Escritorio/modelado/modelado-ws/install/roverto_moveit_config/share/roverto_moveit_config/launch/moveit_rviz.launch.py
-- Symlinking: /home/adrian/Escritorio/modelado/modelado-ws/install/roverto_moveit_config/share/roverto_moveit_config/launch/rsp.launch.py
-- Symlinking: /home/adrian/Escritorio/modelado/modelado-ws/install/roverto_moveit_config/share/roverto_moveit_config/launch/setup_assistant.launch.py
-- Symlinking: /home/adrian/Escritorio/modelado/modelado-ws/install/roverto_moveit_config/share/roverto_moveit_config/launch/spawn_controllers.launch.py
-- Symlinking: /home/adrian/Escritorio/modelado/modelado-ws/install/roverto_moveit_config/share/roverto_moveit_config/launch/static_virtual_joint_tfs.launch.py
-- Symlinking: /home/adrian/Escritorio/modelado/modelado-ws/install/roverto_moveit_config/share/roverto_moveit_config/launch/warehouse_db.launch.py
-- Symlinking: /home/adrian/Escritorio/modelado/modelado-ws/install/roverto_moveit_config/share/roverto_moveit_config/config/initial_positions.yaml
-- Symlinking: /home/adrian/Escritorio/modelado/modelado-ws/install/roverto_moveit_config/share/roverto_moveit_config/config/joint_limits.yaml
-- Symlinking: /home/adrian/Escritorio/modelado/modelado-ws/install/roverto_moveit_config/share/roverto_moveit_config/config/kinematics.yaml
-- Symlinking: /home/adrian/Escritorio/modelado/modelado-ws/install/roverto_moveit_config/share/roverto_moveit_config/config/moveit.rviz
-- Symlinking: /home/adrian/Escritorio/modelado/modelado-ws/install/roverto_moveit_config/share/roverto_moveit_config/config/moveit_controllers.yaml
-- Symlinking: /home/adrian/Escritorio/modelado/modelado-ws/install/roverto_moveit_config/share/roverto_moveit_config/config/pilz_cartesian_limits.yaml
-- Symlinking: /home/adrian/Escritorio/modelado/modelado-ws/install/roverto_moveit_config/share/roverto_moveit_config/config/ros2_controllers.yaml
-- Symlinking: /home/adrian/Escritorio/modelado/modelado-ws/install/roverto_moveit_config/share/roverto_moveit_config/config/roverto.ros2_control.xacro
-- Symlinking: /home/adrian/Escritorio/modelado/modelado-ws/install/roverto_moveit_config/share/roverto_moveit_config/config/roverto.srdf
-- Symlinking: /home/adrian/Escritorio/modelado/modelado-ws/install/roverto_moveit_config/share/roverto_moveit_config/config/roverto.urdf.xacro
-- Symlinking: /home/adrian/Escritorio/modelado/modelado-ws/install/roverto_moveit_config/share/roverto_moveit_config/.setup_assistant
