[0.006s] Invoking command in '/home/adrian/Escritorio/modelado/modelado-ws/build/roverto_moveit_config': CMAKE_PREFIX_PATH=/home/adrian/Escritorio/modelado/modelado-ws/install/roverto_description:/home/adrian/Escritorio/modelado/modelado-ws/install/roverto_moveit_config:/home/adrian/Escritorio/vision/vision-ws/install/yolo_bringup:/home/adrian/Escritorio/vision/vision-ws/install/practicafinal_grupo2:/home/adrian/Escritorio/vision/vision-ws/install/yolo_msgs:/home/adrian/Escritorio/vision/vision-ws/install/v4l2_camera:/home/adrian/Escritorio/vision/vision-ws/install/practica3-grupo2-1:/home/adrian/Escritorio/vision/vision-ws/install/practica2-grupo2:/home/adrian/Escritorio/vision/vision-ws/install/practica1-grupo2:/home/adrian/Escritorio/vision/vision-ws/install/oak_d_camera:/home/adrian/Escritorio/vision/vision-ws/install/computer_vision:/home/adrian/Escritorio/3/1_cuatri/sis-dist/ros-ws/install/sdc_p4:/home/adrian/Escritorio/3/1_cuatri/sis-dist/ros-ws/install/prueba_pub_sub:/home/adrian/Escritorio/3/1_cuatri/sis-dist/ros-ws/install/copy_sdc_p4:/opt/ros/jazzy/opt/gz_math_vendor:/opt/ros/jazzy/opt/gz_utils_vendor:/opt/ros/jazzy/opt/gz_cmake_vendor:/home/adrian/Escritorio/vision/vision-ws/install/yolo_ros:/opt/ros/jazzy DEBUGINFOD_URLS=https://debuginfod.ubuntu.com /usr/bin/cmake --build /home/adrian/Escritorio/modelado/modelado-ws/build/roverto_moveit_config -- -j16 -l16
[0.028s] -- Found ament_cmake: 2.5.4 (/opt/ros/jazzy/share/ament_cmake/cmake)
[0.180s] -- Override CMake install command with custom implementation using symlinks instead of copying resources
[0.253s] -- Configuring done (0.2s)
[0.256s] -- Generating done (0.0s)
[0.257s] -- Build files have been written to: /home/adrian/Escritorio/modelado/modelado-ws/build/roverto_moveit_config
[0.271s] Invoked command in '/home/adrian/Escritorio/modelado/modelado-ws/build/roverto_moveit_config' returned '0': CMAKE_PREFIX_PATH=/home/adrian/Escritorio/modelado/modelado-ws/install/roverto_description:/home/adrian/Escritorio/modelado/modelado-ws/install/roverto_moveit_config:/home/adrian/Escritorio/vision/vision-ws/install/yolo_bringup:/home/adrian/Escritorio/vision/vision-ws/install/practicafinal_grupo2:/home/adrian/Escritorio/vision/vision-ws/install/yolo_msgs:/home/adrian/Escritorio/vision/vision-ws/install/v4l2_camera:/home/adrian/Escritorio/vision/vision-ws/install/practica3-grupo2-1:/home/adrian/Escritorio/vision/vision-ws/install/practica2-grupo2:/home/adrian/Escritorio/vision/vision-ws/install/practica1-grupo2:/home/adrian/Escritorio/vision/vision-ws/install/oak_d_camera:/home/adrian/Escritorio/vision/vision-ws/install/computer_vision:/home/adrian/Escritorio/3/1_cuatri/sis-dist/ros-ws/install/sdc_p4:/home/adrian/Escritorio/3/1_cuatri/sis-dist/ros-ws/install/prueba_pub_sub:/home/adrian/Escritorio/3/1_cuatri/sis-dist/ros-ws/install/copy_sdc_p4:/opt/ros/jazzy/opt/gz_math_vendor:/opt/ros/jazzy/opt/gz_utils_vendor:/opt/ros/jazzy/opt/gz_cmake_vendor:/home/adrian/Escritorio/vision/vision-ws/install/yolo_ros:/opt/ros/jazzy DEBUGINFOD_URLS=https://debuginfod.ubuntu.com /usr/bin/cmake --build /home/adrian/Escritorio/modelado/modelado-ws/build/roverto_moveit_config -- -j16 -l16
[0.272s] Invoking command in '/home/adrian/Escritorio/modelado/modelado-ws/build/roverto_moveit_config': CMAKE_PREFIX_PATH=/home/adrian/Escritorio/modelado/modelado-ws/install/roverto_description:/home/adrian/Escritorio/modelado/modelado-ws/install/roverto_moveit_config:/home/adrian/Escritorio/vision/vision-ws/install/yolo_bringup:/home/adrian/Escritorio/vision/vision-ws/install/practicafinal_grupo2:/home/adrian/Escritorio/vision/vision-ws/install/yolo_msgs:/home/adrian/Escritorio/vision/vision-ws/install/v4l2_camera:/home/adrian/Escritorio/vision/vision-ws/install/practica3-grupo2-1:/home/adrian/Escritorio/vision/vision-ws/install/practica2-grupo2:/home/adrian/Escritorio/vision/vision-ws/install/practica1-grupo2:/home/adrian/Escritorio/vision/vision-ws/install/oak_d_camera:/home/adrian/Escritorio/vision/vision-ws/install/computer_vision:/home/adrian/Escritorio/3/1_cuatri/sis-dist/ros-ws/install/sdc_p4:/home/adrian/Escritorio/3/1_cuatri/sis-dist/ros-ws/install/prueba_pub_sub:/home/adrian/Escritorio/3/1_cuatri/sis-dist/ros-ws/install/copy_sdc_p4:/opt/ros/jazzy/opt/gz_math_vendor:/opt/ros/jazzy/opt/gz_utils_vendor:/opt/ros/jazzy/opt/gz_cmake_vendor:/home/adrian/Escritorio/vision/vision-ws/install/yolo_ros:/opt/ros/jazzy DEBUGINFOD_URLS=https://debuginfod.ubuntu.com /usr/bin/cmake --install /home/adrian/Escritorio/modelado/modelado-ws/build/roverto_moveit_config
[0.276s] -- Install configuration: ""
[0.277s] -- Execute custom install script
[0.277s] -- Up-to-date symlink: /home/adrian/Escritorio/modelado/modelado-ws/install/roverto_moveit_config/share/ament_index/resource_index/package_run_dependencies/roverto_moveit_config
[0.277s] -- Up-to-date symlink: /home/adrian/Escritorio/modelado/modelado-ws/install/roverto_moveit_config/share/ament_index/resource_index/parent_prefix_path/roverto_moveit_config
[0.277s] -- Up-to-date symlink: /home/adrian/Escritorio/modelado/modelado-ws/install/roverto_moveit_config/share/roverto_moveit_config/environment/ament_prefix_path.sh
[0.277s] -- Up-to-date symlink: /home/adrian/Escritorio/modelado/modelado-ws/install/roverto_moveit_config/share/roverto_moveit_config/environment/ament_prefix_path.dsv
[0.278s] -- Up-to-date symlink: /home/adrian/Escritorio/modelado/modelado-ws/install/roverto_moveit_config/share/roverto_moveit_config/environment/path.sh
[0.278s] -- Up-to-date symlink: /home/adrian/Escritorio/modelado/modelado-ws/install/roverto_moveit_config/share/roverto_moveit_config/environment/path.dsv
[0.278s] -- Up-to-date symlink: /home/adrian/Escritorio/modelado/modelado-ws/install/roverto_moveit_config/share/roverto_moveit_config/local_setup.bash
[0.278s] -- Up-to-date symlink: /home/adrian/Escritorio/modelado/modelado-ws/install/roverto_moveit_config/share/roverto_moveit_config/local_setup.sh
[0.278s] -- Up-to-date symlink: /home/adrian/Escritorio/modelado/modelado-ws/install/roverto_moveit_config/share/roverto_moveit_config/local_setup.zsh
[0.278s] -- Up-to-date symlink: /home/adrian/Escritorio/modelado/modelado-ws/install/roverto_moveit_config/share/roverto_moveit_config/local_setup.dsv
[0.278s] -- Symlinking: /home/adrian/Escritorio/modelado/modelado-ws/install/roverto_moveit_config/share/roverto_moveit_config/package.dsv
[0.284s] -- Up-to-date symlink: /home/adrian/Escritorio/modelado/modelado-ws/install/roverto_moveit_config/share/ament_index/resource_index/packages/roverto_moveit_config
[0.284s] -- Up-to-date symlink: /home/adrian/Escritorio/modelado/modelado-ws/install/roverto_moveit_config/share/roverto_moveit_config/cmake/roverto_moveit_configConfig.cmake
[0.284s] -- Up-to-date symlink: /home/adrian/Escritorio/modelado/modelado-ws/install/roverto_moveit_config/share/roverto_moveit_config/cmake/roverto_moveit_configConfig-version.cmake
[0.284s] -- Up-to-date symlink: /home/adrian/Escritorio/modelado/modelado-ws/install/roverto_moveit_config/share/roverto_moveit_config/package.xml
[0.284s] -- Symlinking: /home/adrian/Escritorio/modelado/modelado-ws/install/roverto_moveit_config/share/roverto_moveit_config/launch/demo.launch.py
[0.290s] -- Symlinking: /home/adrian/Escritorio/modelado/modelado-ws/install/roverto_moveit_config/share/roverto_moveit_config/launch/move_group.launch.py
[0.295s] -- Symlinking: /home/adrian/Escritorio/modelado/modelado-ws/install/roverto_moveit_config/share/roverto_moveit_config/launch/moveit_rviz.launch.py
[0.300s] -- Symlinking: /home/adrian/Escritorio/modelado/modelado-ws/install/roverto_moveit_config/share/roverto_moveit_config/launch/rsp.launch.py
[0.305s] -- Symlinking: /home/adrian/Escritorio/modelado/modelado-ws/install/roverto_moveit_config/share/roverto_moveit_config/launch/setup_assistant.launch.py
[0.310s] -- Symlinking: /home/adrian/Escritorio/modelado/modelado-ws/install/roverto_moveit_config/share/roverto_moveit_config/launch/spawn_controllers.launch.py
[0.317s] -- Symlinking: /home/adrian/Escritorio/modelado/modelado-ws/install/roverto_moveit_config/share/roverto_moveit_config/launch/static_virtual_joint_tfs.launch.py
[0.322s] -- Symlinking: /home/adrian/Escritorio/modelado/modelado-ws/install/roverto_moveit_config/share/roverto_moveit_config/launch/warehouse_db.launch.py
[0.327s] -- Symlinking: /home/adrian/Escritorio/modelado/modelado-ws/install/roverto_moveit_config/share/roverto_moveit_config/config/initial_positions.yaml
[0.334s] -- Symlinking: /home/adrian/Escritorio/modelado/modelado-ws/install/roverto_moveit_config/share/roverto_moveit_config/config/joint_limits.yaml
[0.341s] -- Symlinking: /home/adrian/Escritorio/modelado/modelado-ws/install/roverto_moveit_config/share/roverto_moveit_config/config/kinematics.yaml
[0.345s] -- Symlinking: /home/adrian/Escritorio/modelado/modelado-ws/install/roverto_moveit_config/share/roverto_moveit_config/config/moveit.rviz
[0.351s] -- Symlinking: /home/adrian/Escritorio/modelado/modelado-ws/install/roverto_moveit_config/share/roverto_moveit_config/config/moveit_controllers.yaml
[0.357s] -- Symlinking: /home/adrian/Escritorio/modelado/modelado-ws/install/roverto_moveit_config/share/roverto_moveit_config/config/pilz_cartesian_limits.yaml
[0.362s] -- Symlinking: /home/adrian/Escritorio/modelado/modelado-ws/install/roverto_moveit_config/share/roverto_moveit_config/config/ros2_controllers.yaml
[0.366s] -- Symlinking: /home/adrian/Escritorio/modelado/modelado-ws/install/roverto_moveit_config/share/roverto_moveit_config/config/roverto.ros2_control.xacro
[0.372s] -- Symlinking: /home/adrian/Escritorio/modelado/modelado-ws/install/roverto_moveit_config/share/roverto_moveit_config/config/roverto.srdf
[0.377s] -- Symlinking: /home/adrian/Escritorio/modelado/modelado-ws/install/roverto_moveit_config/share/roverto_moveit_config/config/roverto.urdf.xacro
[0.382s] -- Symlinking: /home/adrian/Escritorio/modelado/modelado-ws/install/roverto_moveit_config/share/roverto_moveit_config/.setup_assistant
