[0.121s] DEBUG:colcon:Command line arguments: ['/usr/bin/colcon', 'build', '--symlink-install']
[0.121s] DEBUG:colcon:Parsed command line arguments: Namespace(log_base=None, log_level=None, verb_name='build', build_base='build', install_base='install', merge_install=False, symlink_install=True, test_result_base=None, continue_on_error=False, executor='parallel', parallel_workers=16, event_handlers=None, ignore_user_meta=False, metas=['./colcon.meta'], base_paths=['.'], packages_ignore=None, packages_ignore_regex=None, paths=None, packages_up_to=None, packages_up_to_regex=None, packages_above=None, packages_above_and_dependencies=None, packages_above_depth=None, packages_select_by_dep=None, packages_skip_by_dep=None, packages_skip_up_to=None, packages_select_build_failed=False, packages_skip_build_finished=False, packages_select_test_failures=False, packages_skip_test_passed=False, packages_select=None, packages_skip=None, packages_select_regex=None, packages_skip_regex=None, packages_start=None, packages_end=None, allow_overriding=[], cmake_args=None, cmake_target=None, cmake_target_skip_unavailable=False, cmake_clean_cache=False, cmake_clean_first=False, cmake_force_configure=False, ament_cmake_args=None, catkin_cmake_args=None, catkin_skip_building_tests=False, mixin_files=None, mixin=None, verb_parser=<colcon_mixin.mixin.mixin_argument.MixinArgumentDecorator object at 0x7ff37ccb24e0>, verb_extension=<colcon_core.verb.build.BuildVerb object at 0x7ff37cec3cb0>, main=<bound method BuildVerb.main of <colcon_core.verb.build.BuildVerb object at 0x7ff37cec3cb0>>, mixin_verb=('build',))
[0.162s] Level 1:colcon.colcon_core.package_discovery:discover_packages(colcon_meta) check parameters
[0.162s] Level 1:colcon.colcon_core.package_discovery:discover_packages(recursive) check parameters
[0.162s] Level 1:colcon.colcon_core.package_discovery:discover_packages(ignore) check parameters
[0.162s] Level 1:colcon.colcon_core.package_discovery:discover_packages(path) check parameters
[0.162s] Level 1:colcon.colcon_core.package_discovery:discover_packages(colcon_meta) discover
[0.162s] Level 1:colcon.colcon_core.package_discovery:discover_packages(recursive) discover
[0.162s] INFO:colcon.colcon_core.package_discovery:Crawling recursively for packages in '/home/adrian/Escritorio/modelado/modelado-ws'
[0.162s] Level 1:colcon.colcon_core.package_identification:_identify(.) by extensions ['ignore', 'ignore_ament_install']
[0.162s] Level 1:colcon.colcon_core.package_identification:_identify(.) by extension 'ignore'
[0.162s] Level 1:colcon.colcon_core.package_identification:_identify(.) by extension 'ignore_ament_install'
[0.162s] Level 1:colcon.colcon_core.package_identification:_identify(.) by extensions ['colcon_pkg']
[0.162s] Level 1:colcon.colcon_core.package_identification:_identify(.) by extension 'colcon_pkg'
[0.162s] Level 1:colcon.colcon_core.package_identification:_identify(.) by extensions ['colcon_meta']
[0.162s] Level 1:colcon.colcon_core.package_identification:_identify(.) by extension 'colcon_meta'
[0.162s] Level 1:colcon.colcon_core.package_identification:_identify(.) by extensions ['ros']
[0.163s] Level 1:colcon.colcon_core.package_identification:_identify(.) by extension 'ros'
[0.184s] Level 1:colcon.colcon_core.package_identification:_identify(.) by extensions ['cmake', 'python']
[0.184s] Level 1:colcon.colcon_core.package_identification:_identify(.) by extension 'cmake'
[0.184s] Level 1:colcon.colcon_core.package_identification:_identify(.) by extension 'python'
[0.184s] Level 1:colcon.colcon_core.package_identification:_identify(.) by extensions ['python_setup_py']
[0.184s] Level 1:colcon.colcon_core.package_identification:_identify(.) by extension 'python_setup_py'
[0.184s] Level 1:colcon.colcon_core.package_identification:_identify(build) by extensions ['ignore', 'ignore_ament_install']
[0.184s] Level 1:colcon.colcon_core.package_identification:_identify(build) by extension 'ignore'
[0.184s] Level 1:colcon.colcon_core.package_identification:_identify(build) ignored
[0.184s] Level 1:colcon.colcon_core.package_identification:_identify(install) by extensions ['ignore', 'ignore_ament_install']
[0.184s] Level 1:colcon.colcon_core.package_identification:_identify(install) by extension 'ignore'
[0.184s] Level 1:colcon.colcon_core.package_identification:_identify(install) ignored
[0.184s] Level 1:colcon.colcon_core.package_identification:_identify(log) by extensions ['ignore', 'ignore_ament_install']
[0.184s] Level 1:colcon.colcon_core.package_identification:_identify(log) by extension 'ignore'
[0.184s] Level 1:colcon.colcon_core.package_identification:_identify(log) ignored
[0.184s] Level 1:colcon.colcon_core.package_identification:_identify(src) by extensions ['ignore', 'ignore_ament_install']
[0.184s] Level 1:colcon.colcon_core.package_identification:_identify(src) by extension 'ignore'
[0.184s] Level 1:colcon.colcon_core.package_identification:_identify(src) by extension 'ignore_ament_install'
[0.185s] Level 1:colcon.colcon_core.package_identification:_identify(src) by extensions ['colcon_pkg']
[0.185s] Level 1:colcon.colcon_core.package_identification:_identify(src) by extension 'colcon_pkg'
[0.185s] Level 1:colcon.colcon_core.package_identification:_identify(src) by extensions ['colcon_meta']
[0.185s] Level 1:colcon.colcon_core.package_identification:_identify(src) by extension 'colcon_meta'
[0.185s] Level 1:colcon.colcon_core.package_identification:_identify(src) by extensions ['ros']
[0.185s] Level 1:colcon.colcon_core.package_identification:_identify(src) by extension 'ros'
[0.185s] Level 1:colcon.colcon_core.package_identification:_identify(src) by extensions ['cmake', 'python']
[0.185s] Level 1:colcon.colcon_core.package_identification:_identify(src) by extension 'cmake'
[0.185s] Level 1:colcon.colcon_core.package_identification:_identify(src) by extension 'python'
[0.185s] Level 1:colcon.colcon_core.package_identification:_identify(src) by extensions ['python_setup_py']
[0.185s] Level 1:colcon.colcon_core.package_identification:_identify(src) by extension 'python_setup_py'
[0.185s] Level 1:colcon.colcon_core.package_identification:_identify(src/roverto_description) by extensions ['ignore', 'ignore_ament_install']
[0.185s] Level 1:colcon.colcon_core.package_identification:_identify(src/roverto_description) by extension 'ignore'
[0.185s] Level 1:colcon.colcon_core.package_identification:_identify(src/roverto_description) by extension 'ignore_ament_install'
[0.185s] Level 1:colcon.colcon_core.package_identification:_identify(src/roverto_description) by extensions ['colcon_pkg']
[0.185s] Level 1:colcon.colcon_core.package_identification:_identify(src/roverto_description) by extension 'colcon_pkg'
[0.185s] Level 1:colcon.colcon_core.package_identification:_identify(src/roverto_description) by extensions ['colcon_meta']
[0.185s] Level 1:colcon.colcon_core.package_identification:_identify(src/roverto_description) by extension 'colcon_meta'
[0.185s] Level 1:colcon.colcon_core.package_identification:_identify(src/roverto_description) by extensions ['ros']
[0.185s] Level 1:colcon.colcon_core.package_identification:_identify(src/roverto_description) by extension 'ros'
[0.187s] DEBUG:colcon.colcon_core.package_identification:Package 'src/roverto_description' with type 'ros.ament_cmake' and name 'roverto_description'
[0.187s] Level 1:colcon.colcon_core.package_identification:_identify(src/roverto_moveit_config) by extensions ['ignore', 'ignore_ament_install']
[0.188s] Level 1:colcon.colcon_core.package_identification:_identify(src/roverto_moveit_config) by extension 'ignore'
[0.188s] Level 1:colcon.colcon_core.package_identification:_identify(src/roverto_moveit_config) by extension 'ignore_ament_install'
[0.188s] Level 1:colcon.colcon_core.package_identification:_identify(src/roverto_moveit_config) by extensions ['colcon_pkg']
[0.188s] Level 1:colcon.colcon_core.package_identification:_identify(src/roverto_moveit_config) by extension 'colcon_pkg'
[0.188s] Level 1:colcon.colcon_core.package_identification:_identify(src/roverto_moveit_config) by extensions ['colcon_meta']
[0.188s] Level 1:colcon.colcon_core.package_identification:_identify(src/roverto_moveit_config) by extension 'colcon_meta'
[0.188s] Level 1:colcon.colcon_core.package_identification:_identify(src/roverto_moveit_config) by extensions ['ros']
[0.188s] Level 1:colcon.colcon_core.package_identification:_identify(src/roverto_moveit_config) by extension 'ros'
[0.188s] DEBUG:colcon.colcon_core.package_identification:Package 'src/roverto_moveit_config' with type 'ros.ament_cmake' and name 'roverto_moveit_config'
[0.188s] Level 1:colcon.colcon_core.package_discovery:discover_packages(recursive) using defaults
[0.189s] Level 1:colcon.colcon_core.package_discovery:discover_packages(ignore) discover
[0.189s] Level 1:colcon.colcon_core.package_discovery:discover_packages(ignore) using defaults
[0.189s] Level 1:colcon.colcon_core.package_discovery:discover_packages(path) discover
[0.189s] Level 1:colcon.colcon_core.package_discovery:discover_packages(path) using defaults
[0.209s] Level 1:colcon.colcon_core.package_discovery:discover_packages(prefix_path) check parameters
[0.209s] Level 1:colcon.colcon_core.package_discovery:discover_packages(prefix_path) discover
[0.214s] DEBUG:colcon.colcon_installed_package_information.package_discovery:Found 1 installed packages in /home/adrian/Escritorio/modelado/modelado-ws/install
[0.214s] DEBUG:colcon.colcon_installed_package_information.package_discovery:Found 3 installed packages in /home/adrian/Escritorio/3/1_cuatri/sis-dist/ros-ws/install
[0.214s] DEBUG:colcon.colcon_installed_package_information.package_discovery:Found 2 installed packages in /home/adrian/Escritorio/u-motorsport/ROS_AS-ws/install
[0.215s] DEBUG:colcon.colcon_installed_package_information.package_discovery:Found 13 installed packages in /home/adrian/Escritorio/vision/vision-ws/install
[0.215s] DEBUG:colcon.colcon_installed_package_information.package_discovery:Found 329 installed packages in /opt/ros/jazzy
[0.216s] Level 1:colcon.colcon_core.package_discovery:discover_packages(prefix_path) using defaults
[0.244s] Level 5:colcon.colcon_core.verb:set package 'roverto_description' build argument 'cmake_args' from command line to 'None'
[0.244s] Level 5:colcon.colcon_core.verb:set package 'roverto_description' build argument 'cmake_target' from command line to 'None'
[0.244s] Level 5:colcon.colcon_core.verb:set package 'roverto_description' build argument 'cmake_target_skip_unavailable' from command line to 'False'
[0.244s] Level 5:colcon.colcon_core.verb:set package 'roverto_description' build argument 'cmake_clean_cache' from command line to 'False'
[0.244s] Level 5:colcon.colcon_core.verb:set package 'roverto_description' build argument 'cmake_clean_first' from command line to 'False'
[0.244s] Level 5:colcon.colcon_core.verb:set package 'roverto_description' build argument 'cmake_force_configure' from command line to 'False'
[0.244s] Level 5:colcon.colcon_core.verb:set package 'roverto_description' build argument 'ament_cmake_args' from command line to 'None'
[0.244s] Level 5:colcon.colcon_core.verb:set package 'roverto_description' build argument 'catkin_cmake_args' from command line to 'None'
[0.244s] Level 5:colcon.colcon_core.verb:set package 'roverto_description' build argument 'catkin_skip_building_tests' from command line to 'False'
[0.244s] DEBUG:colcon.colcon_core.verb:Building package 'roverto_description' with the following arguments: {'ament_cmake_args': None, 'build_base': '/home/adrian/Escritorio/modelado/modelado-ws/build/roverto_description', 'catkin_cmake_args': None, 'catkin_skip_building_tests': False, 'cmake_args': None, 'cmake_clean_cache': False, 'cmake_clean_first': False, 'cmake_force_configure': False, 'cmake_target': None, 'cmake_target_skip_unavailable': False, 'install_base': '/home/adrian/Escritorio/modelado/modelado-ws/install/roverto_description', 'merge_install': False, 'path': '/home/adrian/Escritorio/modelado/modelado-ws/src/roverto_description', 'symlink_install': True, 'test_result_base': None}
[0.244s] Level 5:colcon.colcon_core.verb:set package 'roverto_moveit_config' build argument 'cmake_args' from command line to 'None'
[0.245s] Level 5:colcon.colcon_core.verb:set package 'roverto_moveit_config' build argument 'cmake_target' from command line to 'None'
[0.245s] Level 5:colcon.colcon_core.verb:set package 'roverto_moveit_config' build argument 'cmake_target_skip_unavailable' from command line to 'False'
[0.245s] Level 5:colcon.colcon_core.verb:set package 'roverto_moveit_config' build argument 'cmake_clean_cache' from command line to 'False'
[0.245s] Level 5:colcon.colcon_core.verb:set package 'roverto_moveit_config' build argument 'cmake_clean_first' from command line to 'False'
[0.245s] Level 5:colcon.colcon_core.verb:set package 'roverto_moveit_config' build argument 'cmake_force_configure' from command line to 'False'
[0.245s] Level 5:colcon.colcon_core.verb:set package 'roverto_moveit_config' build argument 'ament_cmake_args' from command line to 'None'
[0.245s] Level 5:colcon.colcon_core.verb:set package 'roverto_moveit_config' build argument 'catkin_cmake_args' from command line to 'None'
[0.245s] Level 5:colcon.colcon_core.verb:set package 'roverto_moveit_config' build argument 'catkin_skip_building_tests' from command line to 'False'
[0.245s] DEBUG:colcon.colcon_core.verb:Building package 'roverto_moveit_config' with the following arguments: {'ament_cmake_args': None, 'build_base': '/home/adrian/Escritorio/modelado/modelado-ws/build/roverto_moveit_config', 'catkin_cmake_args': None, 'catkin_skip_building_tests': False, 'cmake_args': None, 'cmake_clean_cache': False, 'cmake_clean_first': False, 'cmake_force_configure': False, 'cmake_target': None, 'cmake_target_skip_unavailable': False, 'install_base': '/home/adrian/Escritorio/modelado/modelado-ws/install/roverto_moveit_config', 'merge_install': False, 'path': '/home/adrian/Escritorio/modelado/modelado-ws/src/roverto_moveit_config', 'symlink_install': True, 'test_result_base': None}
[0.245s] INFO:colcon.colcon_core.executor:Executing jobs using 'parallel' executor
[0.245s] DEBUG:colcon.colcon_parallel_executor.executor.parallel:run_until_complete
[0.245s] INFO:colcon.colcon_ros.task.ament_cmake.build:Building ROS package in '/home/adrian/Escritorio/modelado/modelado-ws/src/roverto_description' with build type 'ament_cmake'
[0.245s] INFO:colcon.colcon_cmake.task.cmake.build:Building CMake package in '/home/adrian/Escritorio/modelado/modelado-ws/src/roverto_description'
[0.251s] INFO:colcon.colcon_core.plugin_system:Skipping extension 'colcon_core.shell.bat': Not used on non-Windows systems
[0.251s] INFO:colcon.colcon_core.shell:Skip shell extension 'powershell' for command environment: Not usable outside of PowerShell
[0.251s] DEBUG:colcon.colcon_core.shell:Skip shell extension 'dsv' for command environment
[0.254s] INFO:colcon.colcon_ros.task.ament_cmake.build:Building ROS package in '/home/adrian/Escritorio/modelado/modelado-ws/src/roverto_moveit_config' with build type 'ament_cmake'
[0.254s] INFO:colcon.colcon_cmake.task.cmake.build:Building CMake package in '/home/adrian/Escritorio/modelado/modelado-ws/src/roverto_moveit_config'
[0.254s] INFO:colcon.colcon_core.shell:Skip shell extension 'powershell' for command environment: Not usable outside of PowerShell
[0.254s] DEBUG:colcon.colcon_core.shell:Skip shell extension 'dsv' for command environment
[0.259s] DEBUG:colcon.colcon_core.event_handler.log_command:Invoking command in '/home/adrian/Escritorio/modelado/modelado-ws/build/roverto_description': CMAKE_PREFIX_PATH=${CMAKE_PREFIX_PATH}:/home/adrian/Escritorio/vision/vision-ws/install/yolo_ros:/opt/ros/jazzy DEBUGINFOD_URLS=https://debuginfod.ubuntu.com /usr/bin/cmake --build /home/adrian/Escritorio/modelado/modelado-ws/build/roverto_description -- -j16 -l16
[0.261s] DEBUG:colcon.colcon_core.event_handler.log_command:Invoking command in '/home/adrian/Escritorio/modelado/modelado-ws/build/roverto_moveit_config': CMAKE_PREFIX_PATH=${CMAKE_PREFIX_PATH}:/home/adrian/Escritorio/vision/vision-ws/install/yolo_ros:/opt/ros/jazzy DEBUGINFOD_URLS=https://debuginfod.ubuntu.com /usr/bin/cmake /home/adrian/Escritorio/modelado/modelado-ws/src/roverto_moveit_config -DAMENT_CMAKE_SYMLINK_INSTALL=1 -DCMAKE_INSTALL_PREFIX=/home/adrian/Escritorio/modelado/modelado-ws/install/roverto_moveit_config
[0.566s] DEBUG:colcon.colcon_core.event_handler.log_command:Invoked command in '/home/adrian/Escritorio/modelado/modelado-ws/build/roverto_description' returned '0': CMAKE_PREFIX_PATH=${CMAKE_PREFIX_PATH}:/home/adrian/Escritorio/vision/vision-ws/install/yolo_ros:/opt/ros/jazzy DEBUGINFOD_URLS=https://debuginfod.ubuntu.com /usr/bin/cmake --build /home/adrian/Escritorio/modelado/modelado-ws/build/roverto_description -- -j16 -l16
[0.572s] DEBUG:colcon.colcon_core.event_handler.log_command:Invoking command in '/home/adrian/Escritorio/modelado/modelado-ws/build/roverto_description': CMAKE_PREFIX_PATH=${CMAKE_PREFIX_PATH}:/home/adrian/Escritorio/vision/vision-ws/install/yolo_ros:/opt/ros/jazzy DEBUGINFOD_URLS=https://debuginfod.ubuntu.com /usr/bin/cmake --install /home/adrian/Escritorio/modelado/modelado-ws/build/roverto_description
[0.599s] Level 1:colcon.colcon_core.environment:create_environment_scripts_only(roverto_description)
[0.599s] DEBUG:colcon.colcon_core.event_handler.log_command:Invoked command in '/home/adrian/Escritorio/modelado/modelado-ws/build/roverto_description' returned '0': CMAKE_PREFIX_PATH=${CMAKE_PREFIX_PATH}:/home/adrian/Escritorio/vision/vision-ws/install/yolo_ros:/opt/ros/jazzy DEBUGINFOD_URLS=https://debuginfod.ubuntu.com /usr/bin/cmake --install /home/adrian/Escritorio/modelado/modelado-ws/build/roverto_description
[0.605s] Level 1:colcon.colcon_core.environment:checking '/home/adrian/Escritorio/modelado/modelado-ws/install/roverto_description' for CMake module files
[0.605s] Level 1:colcon.colcon_core.environment:checking '/home/adrian/Escritorio/modelado/modelado-ws/install/roverto_description' for CMake config files
[0.605s] Level 1:colcon.colcon_core.shell:create_environment_hook('roverto_description', 'cmake_prefix_path')
[0.605s] INFO:colcon.colcon_core.shell:Creating environment hook '/home/adrian/Escritorio/modelado/modelado-ws/install/roverto_description/share/roverto_description/hook/cmake_prefix_path.ps1'
[0.606s] INFO:colcon.colcon_core.shell:Creating environment descriptor '/home/adrian/Escritorio/modelado/modelado-ws/install/roverto_description/share/roverto_description/hook/cmake_prefix_path.dsv'
[0.606s] INFO:colcon.colcon_core.shell:Creating environment hook '/home/adrian/Escritorio/modelado/modelado-ws/install/roverto_description/share/roverto_description/hook/cmake_prefix_path.sh'
[0.607s] Level 1:colcon.colcon_core.environment:checking '/home/adrian/Escritorio/modelado/modelado-ws/install/roverto_description/bin'
[0.607s] Level 1:colcon.colcon_core.environment:checking '/home/adrian/Escritorio/modelado/modelado-ws/install/roverto_description/lib/pkgconfig/roverto_description.pc'
[0.607s] Level 1:colcon.colcon_core.environment:checking '/home/adrian/Escritorio/modelado/modelado-ws/install/roverto_description/lib/python3.12/site-packages'
[0.607s] Level 1:colcon.colcon_core.environment:checking '/home/adrian/Escritorio/modelado/modelado-ws/install/roverto_description/bin'
[0.607s] INFO:colcon.colcon_core.shell:Creating package script '/home/adrian/Escritorio/modelado/modelado-ws/install/roverto_description/share/roverto_description/package.ps1'
[0.608s] INFO:colcon.colcon_core.shell:Creating package descriptor '/home/adrian/Escritorio/modelado/modelado-ws/install/roverto_description/share/roverto_description/package.dsv'
[0.608s] INFO:colcon.colcon_core.shell:Creating package script '/home/adrian/Escritorio/modelado/modelado-ws/install/roverto_description/share/roverto_description/package.sh'
[0.608s] INFO:colcon.colcon_core.shell:Creating package script '/home/adrian/Escritorio/modelado/modelado-ws/install/roverto_description/share/roverto_description/package.bash'
[0.609s] INFO:colcon.colcon_core.shell:Creating package script '/home/adrian/Escritorio/modelado/modelado-ws/install/roverto_description/share/roverto_description/package.zsh'
[0.609s] Level 1:colcon.colcon_core.environment:create_file_with_runtime_dependencies(/home/adrian/Escritorio/modelado/modelado-ws/install/roverto_description/share/colcon-core/packages/roverto_description)
[0.610s] Level 1:colcon.colcon_core.environment:create_environment_scripts_only(roverto_description)
[0.610s] Level 1:colcon.colcon_core.environment:checking '/home/adrian/Escritorio/modelado/modelado-ws/install/roverto_description' for CMake module files
[0.610s] Level 1:colcon.colcon_core.environment:checking '/home/adrian/Escritorio/modelado/modelado-ws/install/roverto_description' for CMake config files
[0.610s] Level 1:colcon.colcon_core.shell:create_environment_hook('roverto_description', 'cmake_prefix_path')
[0.610s] INFO:colcon.colcon_core.shell:Creating environment hook '/home/adrian/Escritorio/modelado/modelado-ws/install/roverto_description/share/roverto_description/hook/cmake_prefix_path.ps1'
[0.611s] INFO:colcon.colcon_core.shell:Creating environment descriptor '/home/adrian/Escritorio/modelado/modelado-ws/install/roverto_description/share/roverto_description/hook/cmake_prefix_path.dsv'
[0.611s] INFO:colcon.colcon_core.shell:Creating environment hook '/home/adrian/Escritorio/modelado/modelado-ws/install/roverto_description/share/roverto_description/hook/cmake_prefix_path.sh'
[0.611s] Level 1:colcon.colcon_core.environment:checking '/home/adrian/Escritorio/modelado/modelado-ws/install/roverto_description/bin'
[0.611s] Level 1:colcon.colcon_core.environment:checking '/home/adrian/Escritorio/modelado/modelado-ws/install/roverto_description/lib/pkgconfig/roverto_description.pc'
[0.611s] Level 1:colcon.colcon_core.environment:checking '/home/adrian/Escritorio/modelado/modelado-ws/install/roverto_description/lib/python3.12/site-packages'
[0.611s] Level 1:colcon.colcon_core.environment:checking '/home/adrian/Escritorio/modelado/modelado-ws/install/roverto_description/bin'
[0.611s] INFO:colcon.colcon_core.shell:Creating package script '/home/adrian/Escritorio/modelado/modelado-ws/install/roverto_description/share/roverto_description/package.ps1'
[0.612s] INFO:colcon.colcon_core.shell:Creating package descriptor '/home/adrian/Escritorio/modelado/modelado-ws/install/roverto_description/share/roverto_description/package.dsv'
[0.612s] INFO:colcon.colcon_core.shell:Creating package script '/home/adrian/Escritorio/modelado/modelado-ws/install/roverto_description/share/roverto_description/package.sh'
[0.612s] INFO:colcon.colcon_core.shell:Creating package script '/home/adrian/Escritorio/modelado/modelado-ws/install/roverto_description/share/roverto_description/package.bash'
[0.612s] INFO:colcon.colcon_core.shell:Creating package script '/home/adrian/Escritorio/modelado/modelado-ws/install/roverto_description/share/roverto_description/package.zsh'
[0.612s] Level 1:colcon.colcon_core.environment:create_file_with_runtime_dependencies(/home/adrian/Escritorio/modelado/modelado-ws/install/roverto_description/share/colcon-core/packages/roverto_description)
[0.859s] DEBUG:colcon.colcon_core.event_handler.log_command:Invoked command in '/home/adrian/Escritorio/modelado/modelado-ws/build/roverto_moveit_config' returned '0': CMAKE_PREFIX_PATH=${CMAKE_PREFIX_PATH}:/home/adrian/Escritorio/vision/vision-ws/install/yolo_ros:/opt/ros/jazzy DEBUGINFOD_URLS=https://debuginfod.ubuntu.com /usr/bin/cmake /home/adrian/Escritorio/modelado/modelado-ws/src/roverto_moveit_config -DAMENT_CMAKE_SYMLINK_INSTALL=1 -DCMAKE_INSTALL_PREFIX=/home/adrian/Escritorio/modelado/modelado-ws/install/roverto_moveit_config
[0.860s] DEBUG:colcon.colcon_core.event_handler.log_command:Invoking command in '/home/adrian/Escritorio/modelado/modelado-ws/build/roverto_moveit_config': CMAKE_PREFIX_PATH=${CMAKE_PREFIX_PATH}:/home/adrian/Escritorio/vision/vision-ws/install/yolo_ros:/opt/ros/jazzy DEBUGINFOD_URLS=https://debuginfod.ubuntu.com /usr/bin/cmake --build /home/adrian/Escritorio/modelado/modelado-ws/build/roverto_moveit_config -- -j16 -l16
[0.886s] DEBUG:colcon.colcon_core.event_handler.log_command:Invoked command in '/home/adrian/Escritorio/modelado/modelado-ws/build/roverto_moveit_config' returned '0': CMAKE_PREFIX_PATH=${CMAKE_PREFIX_PATH}:/home/adrian/Escritorio/vision/vision-ws/install/yolo_ros:/opt/ros/jazzy DEBUGINFOD_URLS=https://debuginfod.ubuntu.com /usr/bin/cmake --build /home/adrian/Escritorio/modelado/modelado-ws/build/roverto_moveit_config -- -j16 -l16
[0.886s] DEBUG:colcon.colcon_core.event_handler.log_command:Invoking command in '/home/adrian/Escritorio/modelado/modelado-ws/build/roverto_moveit_config': CMAKE_PREFIX_PATH=${CMAKE_PREFIX_PATH}:/home/adrian/Escritorio/vision/vision-ws/install/yolo_ros:/opt/ros/jazzy DEBUGINFOD_URLS=https://debuginfod.ubuntu.com /usr/bin/cmake --install /home/adrian/Escritorio/modelado/modelado-ws/build/roverto_moveit_config
[0.979s] Level 1:colcon.colcon_core.environment:create_environment_scripts_only(roverto_moveit_config)
[0.979s] Level 1:colcon.colcon_core.environment:checking '/home/adrian/Escritorio/modelado/modelado-ws/install/roverto_moveit_config' for CMake module files
[0.980s] DEBUG:colcon.colcon_core.event_handler.log_command:Invoked command in '/home/adrian/Escritorio/modelado/modelado-ws/build/roverto_moveit_config' returned '0': CMAKE_PREFIX_PATH=${CMAKE_PREFIX_PATH}:/home/adrian/Escritorio/vision/vision-ws/install/yolo_ros:/opt/ros/jazzy DEBUGINFOD_URLS=https://debuginfod.ubuntu.com /usr/bin/cmake --install /home/adrian/Escritorio/modelado/modelado-ws/build/roverto_moveit_config
[0.980s] Level 1:colcon.colcon_core.environment:checking '/home/adrian/Escritorio/modelado/modelado-ws/install/roverto_moveit_config' for CMake config files
[0.980s] Level 1:colcon.colcon_core.shell:create_environment_hook('roverto_moveit_config', 'cmake_prefix_path')
[0.980s] INFO:colcon.colcon_core.shell:Creating environment hook '/home/adrian/Escritorio/modelado/modelado-ws/install/roverto_moveit_config/share/roverto_moveit_config/hook/cmake_prefix_path.ps1'
[0.980s] INFO:colcon.colcon_core.shell:Creating environment descriptor '/home/adrian/Escritorio/modelado/modelado-ws/install/roverto_moveit_config/share/roverto_moveit_config/hook/cmake_prefix_path.dsv'
[0.980s] INFO:colcon.colcon_core.shell:Creating environment hook '/home/adrian/Escritorio/modelado/modelado-ws/install/roverto_moveit_config/share/roverto_moveit_config/hook/cmake_prefix_path.sh'
[0.981s] Level 1:colcon.colcon_core.environment:checking '/home/adrian/Escritorio/modelado/modelado-ws/install/roverto_moveit_config/bin'
[0.981s] Level 1:colcon.colcon_core.environment:checking '/home/adrian/Escritorio/modelado/modelado-ws/install/roverto_moveit_config/lib/pkgconfig/roverto_moveit_config.pc'
[0.981s] Level 1:colcon.colcon_core.environment:checking '/home/adrian/Escritorio/modelado/modelado-ws/install/roverto_moveit_config/lib/python3.12/site-packages'
[0.981s] Level 1:colcon.colcon_core.environment:checking '/home/adrian/Escritorio/modelado/modelado-ws/install/roverto_moveit_config/bin'
[0.981s] INFO:colcon.colcon_core.shell:Creating package script '/home/adrian/Escritorio/modelado/modelado-ws/install/roverto_moveit_config/share/roverto_moveit_config/package.ps1'
[0.981s] INFO:colcon.colcon_core.shell:Creating package descriptor '/home/adrian/Escritorio/modelado/modelado-ws/install/roverto_moveit_config/share/roverto_moveit_config/package.dsv'
[0.981s] INFO:colcon.colcon_core.shell:Creating package script '/home/adrian/Escritorio/modelado/modelado-ws/install/roverto_moveit_config/share/roverto_moveit_config/package.sh'
[0.982s] INFO:colcon.colcon_core.shell:Creating package script '/home/adrian/Escritorio/modelado/modelado-ws/install/roverto_moveit_config/share/roverto_moveit_config/package.bash'
[0.982s] INFO:colcon.colcon_core.shell:Creating package script '/home/adrian/Escritorio/modelado/modelado-ws/install/roverto_moveit_config/share/roverto_moveit_config/package.zsh'
[0.982s] Level 1:colcon.colcon_core.environment:create_file_with_runtime_dependencies(/home/adrian/Escritorio/modelado/modelado-ws/install/roverto_moveit_config/share/colcon-core/packages/roverto_moveit_config)
[0.982s] Level 1:colcon.colcon_core.environment:create_environment_scripts_only(roverto_moveit_config)
[0.982s] Level 1:colcon.colcon_core.environment:checking '/home/adrian/Escritorio/modelado/modelado-ws/install/roverto_moveit_config' for CMake module files
[0.983s] Level 1:colcon.colcon_core.environment:checking '/home/adrian/Escritorio/modelado/modelado-ws/install/roverto_moveit_config' for CMake config files
[0.983s] Level 1:colcon.colcon_core.shell:create_environment_hook('roverto_moveit_config', 'cmake_prefix_path')
[0.983s] INFO:colcon.colcon_core.shell:Creating environment hook '/home/adrian/Escritorio/modelado/modelado-ws/install/roverto_moveit_config/share/roverto_moveit_config/hook/cmake_prefix_path.ps1'
[0.983s] INFO:colcon.colcon_core.shell:Creating environment descriptor '/home/adrian/Escritorio/modelado/modelado-ws/install/roverto_moveit_config/share/roverto_moveit_config/hook/cmake_prefix_path.dsv'
[0.983s] INFO:colcon.colcon_core.shell:Creating environment hook '/home/adrian/Escritorio/modelado/modelado-ws/install/roverto_moveit_config/share/roverto_moveit_config/hook/cmake_prefix_path.sh'
[0.983s] Level 1:colcon.colcon_core.environment:checking '/home/adrian/Escritorio/modelado/modelado-ws/install/roverto_moveit_config/bin'
[0.983s] Level 1:colcon.colcon_core.environment:checking '/home/adrian/Escritorio/modelado/modelado-ws/install/roverto_moveit_config/lib/pkgconfig/roverto_moveit_config.pc'
[0.983s] Level 1:colcon.colcon_core.environment:checking '/home/adrian/Escritorio/modelado/modelado-ws/install/roverto_moveit_config/lib/python3.12/site-packages'
[0.984s] Level 1:colcon.colcon_core.environment:checking '/home/adrian/Escritorio/modelado/modelado-ws/install/roverto_moveit_config/bin'
[0.984s] INFO:colcon.colcon_core.shell:Creating package script '/home/adrian/Escritorio/modelado/modelado-ws/install/roverto_moveit_config/share/roverto_moveit_config/package.ps1'
[0.984s] INFO:colcon.colcon_core.shell:Creating package descriptor '/home/adrian/Escritorio/modelado/modelado-ws/install/roverto_moveit_config/share/roverto_moveit_config/package.dsv'
[0.984s] INFO:colcon.colcon_core.shell:Creating package script '/home/adrian/Escritorio/modelado/modelado-ws/install/roverto_moveit_config/share/roverto_moveit_config/package.sh'
[0.984s] INFO:colcon.colcon_core.shell:Creating package script '/home/adrian/Escritorio/modelado/modelado-ws/install/roverto_moveit_config/share/roverto_moveit_config/package.bash'
[0.984s] INFO:colcon.colcon_core.shell:Creating package script '/home/adrian/Escritorio/modelado/modelado-ws/install/roverto_moveit_config/share/roverto_moveit_config/package.zsh'
[0.985s] Level 1:colcon.colcon_core.environment:create_file_with_runtime_dependencies(/home/adrian/Escritorio/modelado/modelado-ws/install/roverto_moveit_config/share/colcon-core/packages/roverto_moveit_config)
[0.985s] DEBUG:colcon.colcon_parallel_executor.executor.parallel:closing loop
[0.985s] DEBUG:colcon.colcon_parallel_executor.executor.parallel:loop closed
[0.985s] DEBUG:colcon.colcon_parallel_executor.executor.parallel:run_until_complete finished with '0'
[0.985s] DEBUG:colcon.colcon_core.event_reactor:joining thread
[0.992s] INFO:colcon.colcon_core.plugin_system:Skipping extension 'colcon_notification.desktop_notification.terminal_notifier': Not used on non-Darwin systems
[0.992s] INFO:colcon.colcon_core.plugin_system:Skipping extension 'colcon_notification.desktop_notification.win32': Not used on non-Windows systems
[0.992s] INFO:colcon.colcon_notification.desktop_notification:Sending desktop notification using 'notify2'
[1.000s] DEBUG:colcon.colcon_core.event_reactor:joined thread
[1.001s] INFO:colcon.colcon_core.shell:Creating prefix script '/home/adrian/Escritorio/modelado/modelado-ws/install/local_setup.ps1'
[1.001s] INFO:colcon.colcon_core.shell:Creating prefix util module '/home/adrian/Escritorio/modelado/modelado-ws/install/_local_setup_util_ps1.py'
[1.002s] INFO:colcon.colcon_core.shell:Creating prefix chain script '/home/adrian/Escritorio/modelado/modelado-ws/install/setup.ps1'
[1.003s] INFO:colcon.colcon_core.shell:Creating prefix script '/home/adrian/Escritorio/modelado/modelado-ws/install/local_setup.sh'
[1.003s] INFO:colcon.colcon_core.shell:Creating prefix util module '/home/adrian/Escritorio/modelado/modelado-ws/install/_local_setup_util_sh.py'
[1.004s] INFO:colcon.colcon_core.shell:Creating prefix chain script '/home/adrian/Escritorio/modelado/modelado-ws/install/setup.sh'
[1.005s] INFO:colcon.colcon_core.shell:Creating prefix script '/home/adrian/Escritorio/modelado/modelado-ws/install/local_setup.bash'
[1.005s] INFO:colcon.colcon_core.shell:Creating prefix chain script '/home/adrian/Escritorio/modelado/modelado-ws/install/setup.bash'
[1.006s] INFO:colcon.colcon_core.shell:Creating prefix script '/home/adrian/Escritorio/modelado/modelado-ws/install/local_setup.zsh'
[1.006s] INFO:colcon.colcon_core.shell:Creating prefix chain script '/home/adrian/Escritorio/modelado/modelado-ws/install/setup.zsh'
