[0.098s] DEBUG:colcon:Command line arguments: ['/usr/bin/colcon', 'build', '--symlink-install']
[0.098s] DEBUG:colcon:Parsed command line arguments: Namespace(log_base=None, log_level=None, verb_name='build', build_base='build', install_base='install', merge_install=False, symlink_install=True, test_result_base=None, continue_on_error=False, executor='parallel', parallel_workers=16, event_handlers=None, ignore_user_meta=False, metas=['./colcon.meta'], base_paths=['.'], packages_ignore=None, packages_ignore_regex=None, paths=None, packages_up_to=None, packages_up_to_regex=None, packages_above=None, packages_above_and_dependencies=None, packages_above_depth=None, packages_select_by_dep=None, packages_skip_by_dep=None, packages_skip_up_to=None, packages_select_build_failed=False, packages_skip_build_finished=False, packages_select_test_failures=False, packages_skip_test_passed=False, packages_select=None, packages_skip=None, packages_select_regex=None, packages_skip_regex=None, packages_start=None, packages_end=None, allow_overriding=[], cmake_args=None, cmake_target=None, cmake_target_skip_unavailable=False, cmake_clean_cache=False, cmake_clean_first=False, cmake_force_configure=False, ament_cmake_args=None, catkin_cmake_args=None, catkin_skip_building_tests=False, mixin_files=None, mixin=None, verb_parser=<colcon_mixin.mixin.mixin_argument.MixinArgumentDecorator object at 0x7dfc0a226ea0>, verb_extension=<colcon_core.verb.build.BuildVerb object at 0x7dfc0a387140>, main=<bound method BuildVerb.main of <colcon_core.verb.build.BuildVerb object at 0x7dfc0a387140>>, mixin_verb=('build',))
[0.130s] Level 1:colcon.colcon_core.package_discovery:discover_packages(colcon_meta) check parameters
[0.130s] Level 1:colcon.colcon_core.package_discovery:discover_packages(recursive) check parameters
[0.130s] Level 1:colcon.colcon_core.package_discovery:discover_packages(ignore) check parameters
[0.130s] Level 1:colcon.colcon_core.package_discovery:discover_packages(path) check parameters
[0.130s] Level 1:colcon.colcon_core.package_discovery:discover_packages(colcon_meta) discover
[0.130s] Level 1:colcon.colcon_core.package_discovery:discover_packages(recursive) discover
[0.130s] INFO:colcon.colcon_core.package_discovery:Crawling recursively for packages in '/home/adrian/Escritorio/modelado/modelado-ws'
[0.130s] Level 1:colcon.colcon_core.package_identification:_identify(.) by extensions ['ignore', 'ignore_ament_install']
[0.130s] Level 1:colcon.colcon_core.package_identification:_identify(.) by extension 'ignore'
[0.130s] Level 1:colcon.colcon_core.package_identification:_identify(.) by extension 'ignore_ament_install'
[0.130s] Level 1:colcon.colcon_core.package_identification:_identify(.) by extensions ['colcon_pkg']
[0.130s] Level 1:colcon.colcon_core.package_identification:_identify(.) by extension 'colcon_pkg'
[0.130s] Level 1:colcon.colcon_core.package_identification:_identify(.) by extensions ['colcon_meta']
[0.130s] Level 1:colcon.colcon_core.package_identification:_identify(.) by extension 'colcon_meta'
[0.130s] Level 1:colcon.colcon_core.package_identification:_identify(.) by extensions ['ros']
[0.130s] Level 1:colcon.colcon_core.package_identification:_identify(.) by extension 'ros'
[0.145s] Level 1:colcon.colcon_core.package_identification:_identify(.) by extensions ['cmake', 'python']
[0.145s] Level 1:colcon.colcon_core.package_identification:_identify(.) by extension 'cmake'
[0.145s] Level 1:colcon.colcon_core.package_identification:_identify(.) by extension 'python'
[0.145s] Level 1:colcon.colcon_core.package_identification:_identify(.) by extensions ['python_setup_py']
[0.145s] Level 1:colcon.colcon_core.package_identification:_identify(.) by extension 'python_setup_py'
[0.145s] Level 1:colcon.colcon_core.package_identification:_identify(build) by extensions ['ignore', 'ignore_ament_install']
[0.145s] Level 1:colcon.colcon_core.package_identification:_identify(build) by extension 'ignore'
[0.145s] Level 1:colcon.colcon_core.package_identification:_identify(build) ignored
[0.145s] Level 1:colcon.colcon_core.package_identification:_identify(install) by extensions ['ignore', 'ignore_ament_install']
[0.145s] Level 1:colcon.colcon_core.package_identification:_identify(install) by extension 'ignore'
[0.145s] Level 1:colcon.colcon_core.package_identification:_identify(install) ignored
[0.145s] Level 1:colcon.colcon_core.package_identification:_identify(log) by extensions ['ignore', 'ignore_ament_install']
[0.146s] Level 1:colcon.colcon_core.package_identification:_identify(log) by extension 'ignore'
[0.146s] Level 1:colcon.colcon_core.package_identification:_identify(log) ignored
[0.146s] Level 1:colcon.colcon_core.package_identification:_identify(src) by extensions ['ignore', 'ignore_ament_install']
[0.146s] Level 1:colcon.colcon_core.package_identification:_identify(src) by extension 'ignore'
[0.146s] Level 1:colcon.colcon_core.package_identification:_identify(src) by extension 'ignore_ament_install'
[0.146s] Level 1:colcon.colcon_core.package_identification:_identify(src) by extensions ['colcon_pkg']
[0.146s] Level 1:colcon.colcon_core.package_identification:_identify(src) by extension 'colcon_pkg'
[0.146s] Level 1:colcon.colcon_core.package_identification:_identify(src) by extensions ['colcon_meta']
[0.146s] Level 1:colcon.colcon_core.package_identification:_identify(src) by extension 'colcon_meta'
[0.146s] Level 1:colcon.colcon_core.package_identification:_identify(src) by extensions ['ros']
[0.146s] Level 1:colcon.colcon_core.package_identification:_identify(src) by extension 'ros'
[0.146s] Level 1:colcon.colcon_core.package_identification:_identify(src) by extensions ['cmake', 'python']
[0.146s] Level 1:colcon.colcon_core.package_identification:_identify(src) by extension 'cmake'
[0.146s] Level 1:colcon.colcon_core.package_identification:_identify(src) by extension 'python'
[0.146s] Level 1:colcon.colcon_core.package_identification:_identify(src) by extensions ['python_setup_py']
[0.146s] Level 1:colcon.colcon_core.package_identification:_identify(src) by extension 'python_setup_py'
[0.146s] Level 1:colcon.colcon_core.package_identification:_identify(src/roverto_description) by extensions ['ignore', 'ignore_ament_install']
[0.146s] Level 1:colcon.colcon_core.package_identification:_identify(src/roverto_description) by extension 'ignore'
[0.146s] Level 1:colcon.colcon_core.package_identification:_identify(src/roverto_description) by extension 'ignore_ament_install'
[0.146s] Level 1:colcon.colcon_core.package_identification:_identify(src/roverto_description) by extensions ['colcon_pkg']
[0.146s] Level 1:colcon.colcon_core.package_identification:_identify(src/roverto_description) by extension 'colcon_pkg'
[0.146s] Level 1:colcon.colcon_core.package_identification:_identify(src/roverto_description) by extensions ['colcon_meta']
[0.146s] Level 1:colcon.colcon_core.package_identification:_identify(src/roverto_description) by extension 'colcon_meta'
[0.146s] Level 1:colcon.colcon_core.package_identification:_identify(src/roverto_description) by extensions ['ros']
[0.146s] Level 1:colcon.colcon_core.package_identification:_identify(src/roverto_description) by extension 'ros'
[0.148s] DEBUG:colcon.colcon_core.package_identification:Package 'src/roverto_description' with type 'ros.ament_cmake' and name 'roverto_description'
[0.148s] Level 1:colcon.colcon_core.package_identification:_identify(src/roverto_moveit_config) by extensions ['ignore', 'ignore_ament_install']
[0.148s] Level 1:colcon.colcon_core.package_identification:_identify(src/roverto_moveit_config) by extension 'ignore'
[0.148s] Level 1:colcon.colcon_core.package_identification:_identify(src/roverto_moveit_config) by extension 'ignore_ament_install'
[0.148s] Level 1:colcon.colcon_core.package_identification:_identify(src/roverto_moveit_config) by extensions ['colcon_pkg']
[0.148s] Level 1:colcon.colcon_core.package_identification:_identify(src/roverto_moveit_config) by extension 'colcon_pkg'
[0.148s] Level 1:colcon.colcon_core.package_identification:_identify(src/roverto_moveit_config) by extensions ['colcon_meta']
[0.148s] Level 1:colcon.colcon_core.package_identification:_identify(src/roverto_moveit_config) by extension 'colcon_meta'
[0.148s] Level 1:colcon.colcon_core.package_identification:_identify(src/roverto_moveit_config) by extensions ['ros']
[0.148s] Level 1:colcon.colcon_core.package_identification:_identify(src/roverto_moveit_config) by extension 'ros'
[0.149s] DEBUG:colcon.colcon_core.package_identification:Package 'src/roverto_moveit_config' with type 'ros.ament_cmake' and name 'roverto_moveit_config'
[0.149s] Level 1:colcon.colcon_core.package_identification:_identify(src/urjc-excavation-world) by extensions ['ignore', 'ignore_ament_install']
[0.149s] Level 1:colcon.colcon_core.package_identification:_identify(src/urjc-excavation-world) by extension 'ignore'
[0.149s] Level 1:colcon.colcon_core.package_identification:_identify(src/urjc-excavation-world) by extension 'ignore_ament_install'
[0.149s] Level 1:colcon.colcon_core.package_identification:_identify(src/urjc-excavation-world) by extensions ['colcon_pkg']
[0.149s] Level 1:colcon.colcon_core.package_identification:_identify(src/urjc-excavation-world) by extension 'colcon_pkg'
[0.149s] Level 1:colcon.colcon_core.package_identification:_identify(src/urjc-excavation-world) by extensions ['colcon_meta']
[0.149s] Level 1:colcon.colcon_core.package_identification:_identify(src/urjc-excavation-world) by extension 'colcon_meta'
[0.149s] Level 1:colcon.colcon_core.package_identification:_identify(src/urjc-excavation-world) by extensions ['ros']
[0.149s] Level 1:colcon.colcon_core.package_identification:_identify(src/urjc-excavation-world) by extension 'ros'
[0.150s] DEBUG:colcon.colcon_core.package_identification:Package 'src/urjc-excavation-world' with type 'ros.ament_cmake' and name 'urjc_excavation_world'
[0.150s] Level 1:colcon.colcon_core.package_discovery:discover_packages(recursive) using defaults
[0.150s] Level 1:colcon.colcon_core.package_discovery:discover_packages(ignore) discover
[0.150s] Level 1:colcon.colcon_core.package_discovery:discover_packages(ignore) using defaults
[0.150s] Level 1:colcon.colcon_core.package_discovery:discover_packages(path) discover
[0.150s] Level 1:colcon.colcon_core.package_discovery:discover_packages(path) using defaults
[0.164s] Level 1:colcon.colcon_core.package_discovery:discover_packages(prefix_path) check parameters
[0.164s] Level 1:colcon.colcon_core.package_discovery:discover_packages(prefix_path) discover
[0.165s] WARNING:colcon.colcon_ros.prefix_path.ament:The path '/home/adrian/Escritorio/modelado/modelado-ws/install/urjc_excavation_world' in the environment variable AMENT_PREFIX_PATH doesn't exist
[0.165s] WARNING:colcon.colcon_ros.prefix_path.ament:The path '/home/adrian/Escritorio/modelado/modelado-ws/install/roverto_moveit_config' in the environment variable AMENT_PREFIX_PATH doesn't exist
[0.165s] WARNING:colcon.colcon_ros.prefix_path.ament:The path '/home/adrian/Escritorio/modelado/modelado-ws/install/roverto_description' in the environment variable AMENT_PREFIX_PATH doesn't exist
[0.166s] WARNING:colcon.colcon_ros.prefix_path.catkin:The path '/home/adrian/Escritorio/modelado/modelado-ws/install/urjc_excavation_world' in the environment variable CMAKE_PREFIX_PATH doesn't exist
[0.166s] WARNING:colcon.colcon_ros.prefix_path.catkin:The path '/home/adrian/Escritorio/modelado/modelado-ws/install/roverto_moveit_config' in the environment variable CMAKE_PREFIX_PATH doesn't exist
[0.166s] WARNING:colcon.colcon_ros.prefix_path.catkin:The path '/home/adrian/Escritorio/modelado/modelado-ws/install/roverto_description' in the environment variable CMAKE_PREFIX_PATH doesn't exist
[0.167s] DEBUG:colcon.colcon_installed_package_information.package_discovery:Found 0 installed packages in /home/adrian/Escritorio/modelado/modelado-ws/install
[0.167s] DEBUG:colcon.colcon_installed_package_information.package_discovery:Found 3 installed packages in /home/adrian/Escritorio/3/1_cuatri/sis-dist/ros-ws/install
[0.167s] DEBUG:colcon.colcon_installed_package_information.package_discovery:Found 1 installed packages in /home/adrian/Escritorio/u-motorsport/ROS_AS-ws/install
[0.168s] DEBUG:colcon.colcon_installed_package_information.package_discovery:Found 10 installed packages in /home/adrian/Escritorio/vision/vision-ws/install
[0.169s] DEBUG:colcon.colcon_installed_package_information.package_discovery:Found 392 installed packages in /opt/ros/jazzy
[0.169s] Level 1:colcon.colcon_core.package_discovery:discover_packages(prefix_path) using defaults
[0.199s] Level 5:colcon.colcon_core.verb:set package 'roverto_description' build argument 'cmake_args' from command line to 'None'
[0.199s] Level 5:colcon.colcon_core.verb:set package 'roverto_description' build argument 'cmake_target' from command line to 'None'
[0.199s] Level 5:colcon.colcon_core.verb:set package 'roverto_description' build argument 'cmake_target_skip_unavailable' from command line to 'False'
[0.199s] Level 5:colcon.colcon_core.verb:set package 'roverto_description' build argument 'cmake_clean_cache' from command line to 'False'
[0.199s] Level 5:colcon.colcon_core.verb:set package 'roverto_description' build argument 'cmake_clean_first' from command line to 'False'
[0.199s] Level 5:colcon.colcon_core.verb:set package 'roverto_description' build argument 'cmake_force_configure' from command line to 'False'
[0.199s] Level 5:colcon.colcon_core.verb:set package 'roverto_description' build argument 'ament_cmake_args' from command line to 'None'
[0.199s] Level 5:colcon.colcon_core.verb:set package 'roverto_description' build argument 'catkin_cmake_args' from command line to 'None'
[0.199s] Level 5:colcon.colcon_core.verb:set package 'roverto_description' build argument 'catkin_skip_building_tests' from command line to 'False'
[0.200s] DEBUG:colcon.colcon_core.verb:Building package 'roverto_description' with the following arguments: {'ament_cmake_args': None, 'build_base': '/home/adrian/Escritorio/modelado/modelado-ws/build/roverto_description', 'catkin_cmake_args': None, 'catkin_skip_building_tests': False, 'cmake_args': None, 'cmake_clean_cache': False, 'cmake_clean_first': False, 'cmake_force_configure': False, 'cmake_target': None, 'cmake_target_skip_unavailable': False, 'install_base': '/home/adrian/Escritorio/modelado/modelado-ws/install/roverto_description', 'merge_install': False, 'path': '/home/adrian/Escritorio/modelado/modelado-ws/src/roverto_description', 'symlink_install': True, 'test_result_base': None}
[0.200s] Level 5:colcon.colcon_core.verb:set package 'urjc_excavation_world' build argument 'cmake_args' from command line to 'None'
[0.200s] Level 5:colcon.colcon_core.verb:set package 'urjc_excavation_world' build argument 'cmake_target' from command line to 'None'
[0.200s] Level 5:colcon.colcon_core.verb:set package 'urjc_excavation_world' build argument 'cmake_target_skip_unavailable' from command line to 'False'
[0.200s] Level 5:colcon.colcon_core.verb:set package 'urjc_excavation_world' build argument 'cmake_clean_cache' from command line to 'False'
[0.200s] Level 5:colcon.colcon_core.verb:set package 'urjc_excavation_world' build argument 'cmake_clean_first' from command line to 'False'
[0.200s] Level 5:colcon.colcon_core.verb:set package 'urjc_excavation_world' build argument 'cmake_force_configure' from command line to 'False'
[0.200s] Level 5:colcon.colcon_core.verb:set package 'urjc_excavation_world' build argument 'ament_cmake_args' from command line to 'None'
[0.200s] Level 5:colcon.colcon_core.verb:set package 'urjc_excavation_world' build argument 'catkin_cmake_args' from command line to 'None'
[0.200s] Level 5:colcon.colcon_core.verb:set package 'urjc_excavation_world' build argument 'catkin_skip_building_tests' from command line to 'False'
[0.200s] DEBUG:colcon.colcon_core.verb:Building package 'urjc_excavation_world' with the following arguments: {'ament_cmake_args': None, 'build_base': '/home/adrian/Escritorio/modelado/modelado-ws/build/urjc_excavation_world', 'catkin_cmake_args': None, 'catkin_skip_building_tests': False, 'cmake_args': None, 'cmake_clean_cache': False, 'cmake_clean_first': False, 'cmake_force_configure': False, 'cmake_target': None, 'cmake_target_skip_unavailable': False, 'install_base': '/home/adrian/Escritorio/modelado/modelado-ws/install/urjc_excavation_world', 'merge_install': False, 'path': '/home/adrian/Escritorio/modelado/modelado-ws/src/urjc-excavation-world', 'symlink_install': True, 'test_result_base': None}
[0.200s] Level 5:colcon.colcon_core.verb:set package 'roverto_moveit_config' build argument 'cmake_args' from command line to 'None'
[0.200s] Level 5:colcon.colcon_core.verb:set package 'roverto_moveit_config' build argument 'cmake_target' from command line to 'None'
[0.200s] Level 5:colcon.colcon_core.verb:set package 'roverto_moveit_config' build argument 'cmake_target_skip_unavailable' from command line to 'False'
[0.200s] Level 5:colcon.colcon_core.verb:set package 'roverto_moveit_config' build argument 'cmake_clean_cache' from command line to 'False'
[0.200s] Level 5:colcon.colcon_core.verb:set package 'roverto_moveit_config' build argument 'cmake_clean_first' from command line to 'False'
[0.200s] Level 5:colcon.colcon_core.verb:set package 'roverto_moveit_config' build argument 'cmake_force_configure' from command line to 'False'
[0.200s] Level 5:colcon.colcon_core.verb:set package 'roverto_moveit_config' build argument 'ament_cmake_args' from command line to 'None'
[0.200s] Level 5:colcon.colcon_core.verb:set package 'roverto_moveit_config' build argument 'catkin_cmake_args' from command line to 'None'
[0.200s] Level 5:colcon.colcon_core.verb:set package 'roverto_moveit_config' build argument 'catkin_skip_building_tests' from command line to 'False'
[0.200s] DEBUG:colcon.colcon_core.verb:Building package 'roverto_moveit_config' with the following arguments: {'ament_cmake_args': None, 'build_base': '/home/adrian/Escritorio/modelado/modelado-ws/build/roverto_moveit_config', 'catkin_cmake_args': None, 'catkin_skip_building_tests': False, 'cmake_args': None, 'cmake_clean_cache': False, 'cmake_clean_first': False, 'cmake_force_configure': False, 'cmake_target': None, 'cmake_target_skip_unavailable': False, 'install_base': '/home/adrian/Escritorio/modelado/modelado-ws/install/roverto_moveit_config', 'merge_install': False, 'path': '/home/adrian/Escritorio/modelado/modelado-ws/src/roverto_moveit_config', 'symlink_install': True, 'test_result_base': None}
[0.200s] INFO:colcon.colcon_core.executor:Executing jobs using 'parallel' executor
[0.201s] DEBUG:colcon.colcon_parallel_executor.executor.parallel:run_until_complete
[0.201s] INFO:colcon.colcon_ros.task.ament_cmake.build:Building ROS package in '/home/adrian/Escritorio/modelado/modelado-ws/src/roverto_description' with build type 'ament_cmake'
[0.201s] INFO:colcon.colcon_cmake.task.cmake.build:Building CMake package in '/home/adrian/Escritorio/modelado/modelado-ws/src/roverto_description'
[0.203s] INFO:colcon.colcon_core.plugin_system:Skipping extension 'colcon_core.shell.bat': Not used on non-Windows systems
[0.203s] INFO:colcon.colcon_core.shell:Skip shell extension 'powershell' for command environment: Not usable outside of PowerShell
[0.203s] DEBUG:colcon.colcon_core.shell:Skip shell extension 'dsv' for command environment
[0.206s] INFO:colcon.colcon_ros.task.ament_cmake.build:Building ROS package in '/home/adrian/Escritorio/modelado/modelado-ws/src/urjc-excavation-world' with build type 'ament_cmake'
[0.206s] INFO:colcon.colcon_cmake.task.cmake.build:Building CMake package in '/home/adrian/Escritorio/modelado/modelado-ws/src/urjc-excavation-world'
[0.206s] INFO:colcon.colcon_core.shell:Skip shell extension 'powershell' for command environment: Not usable outside of PowerShell
[0.206s] DEBUG:colcon.colcon_core.shell:Skip shell extension 'dsv' for command environment
[0.211s] DEBUG:colcon.colcon_core.event_handler.log_command:Invoking command in '/home/adrian/Escritorio/modelado/modelado-ws/build/roverto_description': CMAKE_PREFIX_PATH=${CMAKE_PREFIX_PATH}:/home/adrian/Escritorio/vision/vision-ws/install/yolo_ros:/opt/ros/jazzy DEBUGINFOD_URLS=https://debuginfod.ubuntu.com /usr/bin/cmake /home/adrian/Escritorio/modelado/modelado-ws/src/roverto_description -DAMENT_CMAKE_SYMLINK_INSTALL=1 -DCMAKE_INSTALL_PREFIX=/home/adrian/Escritorio/modelado/modelado-ws/install/roverto_description
[0.213s] DEBUG:colcon.colcon_core.event_handler.log_command:Invoking command in '/home/adrian/Escritorio/modelado/modelado-ws/build/urjc_excavation_world': CMAKE_PREFIX_PATH=${CMAKE_PREFIX_PATH}:/home/adrian/Escritorio/vision/vision-ws/install/yolo_ros:/opt/ros/jazzy DEBUGINFOD_URLS=https://debuginfod.ubuntu.com /usr/bin/cmake /home/adrian/Escritorio/modelado/modelado-ws/src/urjc-excavation-world -DAMENT_CMAKE_SYMLINK_INSTALL=1 -DCMAKE_INSTALL_PREFIX=/home/adrian/Escritorio/modelado/modelado-ws/install/urjc_excavation_world
[0.876s] DEBUG:colcon.colcon_core.event_handler.log_command:Invoked command in '/home/adrian/Escritorio/modelado/modelado-ws/build/roverto_description' returned '0': CMAKE_PREFIX_PATH=${CMAKE_PREFIX_PATH}:/home/adrian/Escritorio/vision/vision-ws/install/yolo_ros:/opt/ros/jazzy DEBUGINFOD_URLS=https://debuginfod.ubuntu.com /usr/bin/cmake /home/adrian/Escritorio/modelado/modelado-ws/src/roverto_description -DAMENT_CMAKE_SYMLINK_INSTALL=1 -DCMAKE_INSTALL_PREFIX=/home/adrian/Escritorio/modelado/modelado-ws/install/roverto_description
[0.876s] DEBUG:colcon.colcon_core.event_handler.log_command:Invoking command in '/home/adrian/Escritorio/modelado/modelado-ws/build/roverto_description': CMAKE_PREFIX_PATH=${CMAKE_PREFIX_PATH}:/home/adrian/Escritorio/vision/vision-ws/install/yolo_ros:/opt/ros/jazzy DEBUGINFOD_URLS=https://debuginfod.ubuntu.com /usr/bin/cmake --build /home/adrian/Escritorio/modelado/modelado-ws/build/roverto_description -- -j16 -l16
[0.907s] DEBUG:colcon.colcon_core.event_handler.log_command:Invoked command in '/home/adrian/Escritorio/modelado/modelado-ws/build/roverto_description' returned '0': CMAKE_PREFIX_PATH=${CMAKE_PREFIX_PATH}:/home/adrian/Escritorio/vision/vision-ws/install/yolo_ros:/opt/ros/jazzy DEBUGINFOD_URLS=https://debuginfod.ubuntu.com /usr/bin/cmake --build /home/adrian/Escritorio/modelado/modelado-ws/build/roverto_description -- -j16 -l16
[0.913s] DEBUG:colcon.colcon_core.event_handler.log_command:Invoking command in '/home/adrian/Escritorio/modelado/modelado-ws/build/roverto_description': CMAKE_PREFIX_PATH=${CMAKE_PREFIX_PATH}:/home/adrian/Escritorio/vision/vision-ws/install/yolo_ros:/opt/ros/jazzy DEBUGINFOD_URLS=https://debuginfod.ubuntu.com /usr/bin/cmake --install /home/adrian/Escritorio/modelado/modelado-ws/build/roverto_description
[1.244s] DEBUG:colcon.colcon_core.event_handler.log_command:Invoked command in '/home/adrian/Escritorio/modelado/modelado-ws/build/urjc_excavation_world' returned '0': CMAKE_PREFIX_PATH=${CMAKE_PREFIX_PATH}:/home/adrian/Escritorio/vision/vision-ws/install/yolo_ros:/opt/ros/jazzy DEBUGINFOD_URLS=https://debuginfod.ubuntu.com /usr/bin/cmake /home/adrian/Escritorio/modelado/modelado-ws/src/urjc-excavation-world -DAMENT_CMAKE_SYMLINK_INSTALL=1 -DCMAKE_INSTALL_PREFIX=/home/adrian/Escritorio/modelado/modelado-ws/install/urjc_excavation_world
[1.245s] DEBUG:colcon.colcon_core.event_handler.log_command:Invoking command in '/home/adrian/Escritorio/modelado/modelado-ws/build/urjc_excavation_world': CMAKE_PREFIX_PATH=${CMAKE_PREFIX_PATH}:/home/adrian/Escritorio/vision/vision-ws/install/yolo_ros:/opt/ros/jazzy DEBUGINFOD_URLS=https://debuginfod.ubuntu.com /usr/bin/cmake --build /home/adrian/Escritorio/modelado/modelado-ws/build/urjc_excavation_world -- -j16 -l16
[1.272s] DEBUG:colcon.colcon_core.event_handler.log_command:Invoked command in '/home/adrian/Escritorio/modelado/modelado-ws/build/urjc_excavation_world' returned '0': CMAKE_PREFIX_PATH=${CMAKE_PREFIX_PATH}:/home/adrian/Escritorio/vision/vision-ws/install/yolo_ros:/opt/ros/jazzy DEBUGINFOD_URLS=https://debuginfod.ubuntu.com /usr/bin/cmake --build /home/adrian/Escritorio/modelado/modelado-ws/build/urjc_excavation_world -- -j16 -l16
[1.273s] DEBUG:colcon.colcon_core.event_handler.log_command:Invoking command in '/home/adrian/Escritorio/modelado/modelado-ws/build/urjc_excavation_world': CMAKE_PREFIX_PATH=${CMAKE_PREFIX_PATH}:/home/adrian/Escritorio/vision/vision-ws/install/yolo_ros:/opt/ros/jazzy DEBUGINFOD_URLS=https://debuginfod.ubuntu.com /usr/bin/cmake --install /home/adrian/Escritorio/modelado/modelado-ws/build/urjc_excavation_world
[1.288s] Level 1:colcon.colcon_core.environment:create_environment_scripts_only(roverto_description)
[1.289s] DEBUG:colcon.colcon_core.event_handler.log_command:Invoked command in '/home/adrian/Escritorio/modelado/modelado-ws/build/roverto_description' returned '0': CMAKE_PREFIX_PATH=${CMAKE_PREFIX_PATH}:/home/adrian/Escritorio/vision/vision-ws/install/yolo_ros:/opt/ros/jazzy DEBUGINFOD_URLS=https://debuginfod.ubuntu.com /usr/bin/cmake --install /home/adrian/Escritorio/modelado/modelado-ws/build/roverto_description
[1.292s] Level 1:colcon.colcon_core.environment:checking '/home/adrian/Escritorio/modelado/modelado-ws/install/roverto_description' for CMake module files
[1.292s] Level 1:colcon.colcon_core.environment:checking '/home/adrian/Escritorio/modelado/modelado-ws/install/roverto_description' for CMake config files
[1.293s] Level 1:colcon.colcon_core.shell:create_environment_hook('roverto_description', 'cmake_prefix_path')
[1.293s] INFO:colcon.colcon_core.shell:Creating environment hook '/home/adrian/Escritorio/modelado/modelado-ws/install/roverto_description/share/roverto_description/hook/cmake_prefix_path.ps1'
[1.293s] INFO:colcon.colcon_core.shell:Creating environment descriptor '/home/adrian/Escritorio/modelado/modelado-ws/install/roverto_description/share/roverto_description/hook/cmake_prefix_path.dsv'
[1.293s] INFO:colcon.colcon_core.shell:Creating environment hook '/home/adrian/Escritorio/modelado/modelado-ws/install/roverto_description/share/roverto_description/hook/cmake_prefix_path.sh'
[1.294s] Level 1:colcon.colcon_core.environment:checking '/home/adrian/Escritorio/modelado/modelado-ws/install/roverto_description/bin'
[1.294s] Level 1:colcon.colcon_core.environment:checking '/home/adrian/Escritorio/modelado/modelado-ws/install/roverto_description/lib/pkgconfig/roverto_description.pc'
[1.294s] Level 1:colcon.colcon_core.environment:checking '/home/adrian/Escritorio/modelado/modelado-ws/install/roverto_description/lib/python3.12/site-packages'
[1.294s] Level 1:colcon.colcon_core.environment:checking '/home/adrian/Escritorio/modelado/modelado-ws/install/roverto_description/bin'
[1.294s] INFO:colcon.colcon_core.shell:Creating package script '/home/adrian/Escritorio/modelado/modelado-ws/install/roverto_description/share/roverto_description/package.ps1'
[1.295s] INFO:colcon.colcon_core.shell:Creating package descriptor '/home/adrian/Escritorio/modelado/modelado-ws/install/roverto_description/share/roverto_description/package.dsv'
[1.295s] INFO:colcon.colcon_core.shell:Creating package script '/home/adrian/Escritorio/modelado/modelado-ws/install/roverto_description/share/roverto_description/package.sh'
[1.296s] INFO:colcon.colcon_core.shell:Creating package script '/home/adrian/Escritorio/modelado/modelado-ws/install/roverto_description/share/roverto_description/package.bash'
[1.296s] INFO:colcon.colcon_core.shell:Creating package script '/home/adrian/Escritorio/modelado/modelado-ws/install/roverto_description/share/roverto_description/package.zsh'
[1.296s] Level 1:colcon.colcon_core.environment:create_file_with_runtime_dependencies(/home/adrian/Escritorio/modelado/modelado-ws/install/roverto_description/share/colcon-core/packages/roverto_description)
[1.297s] Level 1:colcon.colcon_core.environment:create_environment_scripts_only(roverto_description)
[1.297s] Level 1:colcon.colcon_core.environment:checking '/home/adrian/Escritorio/modelado/modelado-ws/install/roverto_description' for CMake module files
[1.297s] Level 1:colcon.colcon_core.environment:checking '/home/adrian/Escritorio/modelado/modelado-ws/install/roverto_description' for CMake config files
[1.297s] Level 1:colcon.colcon_core.shell:create_environment_hook('roverto_description', 'cmake_prefix_path')
[1.297s] INFO:colcon.colcon_core.shell:Creating environment hook '/home/adrian/Escritorio/modelado/modelado-ws/install/roverto_description/share/roverto_description/hook/cmake_prefix_path.ps1'
[1.298s] INFO:colcon.colcon_core.shell:Creating environment descriptor '/home/adrian/Escritorio/modelado/modelado-ws/install/roverto_description/share/roverto_description/hook/cmake_prefix_path.dsv'
[1.298s] INFO:colcon.colcon_core.shell:Creating environment hook '/home/adrian/Escritorio/modelado/modelado-ws/install/roverto_description/share/roverto_description/hook/cmake_prefix_path.sh'
[1.298s] Level 1:colcon.colcon_core.environment:checking '/home/adrian/Escritorio/modelado/modelado-ws/install/roverto_description/bin'
[1.298s] Level 1:colcon.colcon_core.environment:checking '/home/adrian/Escritorio/modelado/modelado-ws/install/roverto_description/lib/pkgconfig/roverto_description.pc'
[1.298s] Level 1:colcon.colcon_core.environment:checking '/home/adrian/Escritorio/modelado/modelado-ws/install/roverto_description/lib/python3.12/site-packages'
[1.298s] Level 1:colcon.colcon_core.environment:checking '/home/adrian/Escritorio/modelado/modelado-ws/install/roverto_description/bin'
[1.298s] INFO:colcon.colcon_core.shell:Creating package script '/home/adrian/Escritorio/modelado/modelado-ws/install/roverto_description/share/roverto_description/package.ps1'
[1.299s] INFO:colcon.colcon_core.shell:Creating package descriptor '/home/adrian/Escritorio/modelado/modelado-ws/install/roverto_description/share/roverto_description/package.dsv'
[1.299s] INFO:colcon.colcon_core.shell:Creating package script '/home/adrian/Escritorio/modelado/modelado-ws/install/roverto_description/share/roverto_description/package.sh'
[1.299s] INFO:colcon.colcon_core.shell:Creating package script '/home/adrian/Escritorio/modelado/modelado-ws/install/roverto_description/share/roverto_description/package.bash'
[1.299s] INFO:colcon.colcon_core.shell:Creating package script '/home/adrian/Escritorio/modelado/modelado-ws/install/roverto_description/share/roverto_description/package.zsh'
[1.299s] Level 1:colcon.colcon_core.environment:create_file_with_runtime_dependencies(/home/adrian/Escritorio/modelado/modelado-ws/install/roverto_description/share/colcon-core/packages/roverto_description)
[1.300s] INFO:colcon.colcon_ros.task.ament_cmake.build:Building ROS package in '/home/adrian/Escritorio/modelado/modelado-ws/src/roverto_moveit_config' with build type 'ament_cmake'
[1.300s] INFO:colcon.colcon_cmake.task.cmake.build:Building CMake package in '/home/adrian/Escritorio/modelado/modelado-ws/src/roverto_moveit_config'
[1.300s] INFO:colcon.colcon_core.shell:Skip shell extension 'powershell' for command environment: Not usable outside of PowerShell
[1.300s] DEBUG:colcon.colcon_core.shell:Skip shell extension 'dsv' for command environment
[1.307s] DEBUG:colcon.colcon_core.event_handler.log_command:Invoking command in '/home/adrian/Escritorio/modelado/modelado-ws/build/roverto_moveit_config': CMAKE_PREFIX_PATH=/home/adrian/Escritorio/modelado/modelado-ws/install/roverto_description:/home/adrian/Escritorio/modelado/modelado-ws/install/urjc_excavation_world:/home/adrian/Escritorio/modelado/modelado-ws/install/roverto_moveit_config:/home/adrian/Escritorio/3/1_cuatri/sis-dist/ros-ws/install/sdc_p4:/home/adrian/Escritorio/3/1_cuatri/sis-dist/ros-ws/install/prueba_pub_sub:/home/adrian/Escritorio/3/1_cuatri/sis-dist/ros-ws/install/copy_sdc_p4:/home/adrian/Escritorio/vision/vision-ws/install/yolo_bringup:/home/adrian/Escritorio/vision/vision-ws/install/practicafinal_grupo2:/home/adrian/Escritorio/vision/vision-ws/install/yolo_msgs:/home/adrian/Escritorio/vision/vision-ws/install/v4l2_camera:/home/adrian/Escritorio/vision/vision-ws/install/practica3-grupo2-1:/home/adrian/Escritorio/vision/vision-ws/install/practica2-grupo2:/home/adrian/Escritorio/vision/vision-ws/install/practica1-grupo2:/home/adrian/Escritorio/vision/vision-ws/install/oak_d_camera:/home/adrian/Escritorio/vision/vision-ws/install/computer_vision:/opt/ros/jazzy/opt/gz_sim_vendor:/opt/ros/jazzy/opt/gz_sensors_vendor:/opt/ros/jazzy/opt/gz_physics_vendor:/opt/ros/jazzy/opt/sdformat_vendor:/opt/ros/jazzy/opt/gz_gui_vendor:/opt/ros/jazzy/opt/gz_transport_vendor:/opt/ros/jazzy/opt/gz_rendering_vendor:/opt/ros/jazzy/opt/gz_plugin_vendor:/opt/ros/jazzy/opt/gz_fuel_tools_vendor:/opt/ros/jazzy/opt/gz_msgs_vendor:/opt/ros/jazzy/opt/gz_common_vendor:/opt/ros/jazzy/opt/gz_math_vendor:/opt/ros/jazzy/opt/gz_utils_vendor:/opt/ros/jazzy/opt/gz_tools_vendor:/opt/ros/jazzy/opt/gz_ogre_next_vendor:/opt/ros/jazzy/opt/gz_dartsim_vendor:/opt/ros/jazzy/opt/gz_cmake_vendor:/home/adrian/Escritorio/vision/vision-ws/install/yolo_ros:/opt/ros/jazzy DEBUGINFOD_URLS=https://debuginfod.ubuntu.com /usr/bin/cmake /home/adrian/Escritorio/modelado/modelado-ws/src/roverto_moveit_config -DAMENT_CMAKE_SYMLINK_INSTALL=1 -DCMAKE_INSTALL_PREFIX=/home/adrian/Escritorio/modelado/modelado-ws/install/roverto_moveit_config
[1.570s] Level 1:colcon.colcon_core.environment:create_environment_scripts_only(urjc_excavation_world)
[1.570s] Level 1:colcon.colcon_core.environment:checking '/home/adrian/Escritorio/modelado/modelado-ws/install/urjc_excavation_world' for CMake module files
[1.571s] DEBUG:colcon.colcon_core.event_handler.log_command:Invoked command in '/home/adrian/Escritorio/modelado/modelado-ws/build/urjc_excavation_world' returned '0': CMAKE_PREFIX_PATH=${CMAKE_PREFIX_PATH}:/home/adrian/Escritorio/vision/vision-ws/install/yolo_ros:/opt/ros/jazzy DEBUGINFOD_URLS=https://debuginfod.ubuntu.com /usr/bin/cmake --install /home/adrian/Escritorio/modelado/modelado-ws/build/urjc_excavation_world
[1.571s] Level 1:colcon.colcon_core.environment:checking '/home/adrian/Escritorio/modelado/modelado-ws/install/urjc_excavation_world' for CMake config files
[1.571s] Level 1:colcon.colcon_core.shell:create_environment_hook('urjc_excavation_world', 'cmake_prefix_path')
[1.571s] INFO:colcon.colcon_core.shell:Creating environment hook '/home/adrian/Escritorio/modelado/modelado-ws/install/urjc_excavation_world/share/urjc_excavation_world/hook/cmake_prefix_path.ps1'
[1.571s] INFO:colcon.colcon_core.shell:Creating environment descriptor '/home/adrian/Escritorio/modelado/modelado-ws/install/urjc_excavation_world/share/urjc_excavation_world/hook/cmake_prefix_path.dsv'
[1.571s] INFO:colcon.colcon_core.shell:Creating environment hook '/home/adrian/Escritorio/modelado/modelado-ws/install/urjc_excavation_world/share/urjc_excavation_world/hook/cmake_prefix_path.sh'
[1.572s] Level 1:colcon.colcon_core.environment:checking '/home/adrian/Escritorio/modelado/modelado-ws/install/urjc_excavation_world/bin'
[1.572s] Level 1:colcon.colcon_core.environment:checking '/home/adrian/Escritorio/modelado/modelado-ws/install/urjc_excavation_world/lib/pkgconfig/urjc_excavation_world.pc'
[1.572s] Level 1:colcon.colcon_core.environment:checking '/home/adrian/Escritorio/modelado/modelado-ws/install/urjc_excavation_world/lib/python3.12/site-packages'
[1.572s] Level 1:colcon.colcon_core.environment:checking '/home/adrian/Escritorio/modelado/modelado-ws/install/urjc_excavation_world/bin'
[1.572s] INFO:colcon.colcon_core.shell:Creating package script '/home/adrian/Escritorio/modelado/modelado-ws/install/urjc_excavation_world/share/urjc_excavation_world/package.ps1'
[1.572s] INFO:colcon.colcon_core.shell:Creating package descriptor '/home/adrian/Escritorio/modelado/modelado-ws/install/urjc_excavation_world/share/urjc_excavation_world/package.dsv'
[1.572s] INFO:colcon.colcon_core.shell:Creating package script '/home/adrian/Escritorio/modelado/modelado-ws/install/urjc_excavation_world/share/urjc_excavation_world/package.sh'
[1.573s] INFO:colcon.colcon_core.shell:Creating package script '/home/adrian/Escritorio/modelado/modelado-ws/install/urjc_excavation_world/share/urjc_excavation_world/package.bash'
[1.573s] INFO:colcon.colcon_core.shell:Creating package script '/home/adrian/Escritorio/modelado/modelado-ws/install/urjc_excavation_world/share/urjc_excavation_world/package.zsh'
[1.573s] Level 1:colcon.colcon_core.environment:create_file_with_runtime_dependencies(/home/adrian/Escritorio/modelado/modelado-ws/install/urjc_excavation_world/share/colcon-core/packages/urjc_excavation_world)
[1.573s] Level 1:colcon.colcon_core.environment:create_environment_scripts_only(urjc_excavation_world)
[1.573s] Level 1:colcon.colcon_core.environment:checking '/home/adrian/Escritorio/modelado/modelado-ws/install/urjc_excavation_world' for CMake module files
[1.573s] Level 1:colcon.colcon_core.environment:checking '/home/adrian/Escritorio/modelado/modelado-ws/install/urjc_excavation_world' for CMake config files
[1.574s] Level 1:colcon.colcon_core.shell:create_environment_hook('urjc_excavation_world', 'cmake_prefix_path')
[1.574s] INFO:colcon.colcon_core.shell:Creating environment hook '/home/adrian/Escritorio/modelado/modelado-ws/install/urjc_excavation_world/share/urjc_excavation_world/hook/cmake_prefix_path.ps1'
[1.574s] INFO:colcon.colcon_core.shell:Creating environment descriptor '/home/adrian/Escritorio/modelado/modelado-ws/install/urjc_excavation_world/share/urjc_excavation_world/hook/cmake_prefix_path.dsv'
[1.574s] INFO:colcon.colcon_core.shell:Creating environment hook '/home/adrian/Escritorio/modelado/modelado-ws/install/urjc_excavation_world/share/urjc_excavation_world/hook/cmake_prefix_path.sh'
[1.574s] Level 1:colcon.colcon_core.environment:checking '/home/adrian/Escritorio/modelado/modelado-ws/install/urjc_excavation_world/bin'
[1.574s] Level 1:colcon.colcon_core.environment:checking '/home/adrian/Escritorio/modelado/modelado-ws/install/urjc_excavation_world/lib/pkgconfig/urjc_excavation_world.pc'
[1.574s] Level 1:colcon.colcon_core.environment:checking '/home/adrian/Escritorio/modelado/modelado-ws/install/urjc_excavation_world/lib/python3.12/site-packages'
[1.574s] Level 1:colcon.colcon_core.environment:checking '/home/adrian/Escritorio/modelado/modelado-ws/install/urjc_excavation_world/bin'
[1.575s] INFO:colcon.colcon_core.shell:Creating package script '/home/adrian/Escritorio/modelado/modelado-ws/install/urjc_excavation_world/share/urjc_excavation_world/package.ps1'
[1.575s] INFO:colcon.colcon_core.shell:Creating package descriptor '/home/adrian/Escritorio/modelado/modelado-ws/install/urjc_excavation_world/share/urjc_excavation_world/package.dsv'
[1.575s] INFO:colcon.colcon_core.shell:Creating package script '/home/adrian/Escritorio/modelado/modelado-ws/install/urjc_excavation_world/share/urjc_excavation_world/package.sh'
[1.575s] INFO:colcon.colcon_core.shell:Creating package script '/home/adrian/Escritorio/modelado/modelado-ws/install/urjc_excavation_world/share/urjc_excavation_world/package.bash'
[1.575s] INFO:colcon.colcon_core.shell:Creating package script '/home/adrian/Escritorio/modelado/modelado-ws/install/urjc_excavation_world/share/urjc_excavation_world/package.zsh'
[1.576s] Level 1:colcon.colcon_core.environment:create_file_with_runtime_dependencies(/home/adrian/Escritorio/modelado/modelado-ws/install/urjc_excavation_world/share/colcon-core/packages/urjc_excavation_world)
[1.795s] DEBUG:colcon.colcon_core.event_handler.log_command:Invoked command in '/home/adrian/Escritorio/modelado/modelado-ws/build/roverto_moveit_config' returned '0': CMAKE_PREFIX_PATH=/home/adrian/Escritorio/modelado/modelado-ws/install/roverto_description:/home/adrian/Escritorio/modelado/modelado-ws/install/urjc_excavation_world:/home/adrian/Escritorio/modelado/modelado-ws/install/roverto_moveit_config:/home/adrian/Escritorio/3/1_cuatri/sis-dist/ros-ws/install/sdc_p4:/home/adrian/Escritorio/3/1_cuatri/sis-dist/ros-ws/install/prueba_pub_sub:/home/adrian/Escritorio/3/1_cuatri/sis-dist/ros-ws/install/copy_sdc_p4:/home/adrian/Escritorio/vision/vision-ws/install/yolo_bringup:/home/adrian/Escritorio/vision/vision-ws/install/practicafinal_grupo2:/home/adrian/Escritorio/vision/vision-ws/install/yolo_msgs:/home/adrian/Escritorio/vision/vision-ws/install/v4l2_camera:/home/adrian/Escritorio/vision/vision-ws/install/practica3-grupo2-1:/home/adrian/Escritorio/vision/vision-ws/install/practica2-grupo2:/home/adrian/Escritorio/vision/vision-ws/install/practica1-grupo2:/home/adrian/Escritorio/vision/vision-ws/install/oak_d_camera:/home/adrian/Escritorio/vision/vision-ws/install/computer_vision:/opt/ros/jazzy/opt/gz_sim_vendor:/opt/ros/jazzy/opt/gz_sensors_vendor:/opt/ros/jazzy/opt/gz_physics_vendor:/opt/ros/jazzy/opt/sdformat_vendor:/opt/ros/jazzy/opt/gz_gui_vendor:/opt/ros/jazzy/opt/gz_transport_vendor:/opt/ros/jazzy/opt/gz_rendering_vendor:/opt/ros/jazzy/opt/gz_plugin_vendor:/opt/ros/jazzy/opt/gz_fuel_tools_vendor:/opt/ros/jazzy/opt/gz_msgs_vendor:/opt/ros/jazzy/opt/gz_common_vendor:/opt/ros/jazzy/opt/gz_math_vendor:/opt/ros/jazzy/opt/gz_utils_vendor:/opt/ros/jazzy/opt/gz_tools_vendor:/opt/ros/jazzy/opt/gz_ogre_next_vendor:/opt/ros/jazzy/opt/gz_dartsim_vendor:/opt/ros/jazzy/opt/gz_cmake_vendor:/home/adrian/Escritorio/vision/vision-ws/install/yolo_ros:/opt/ros/jazzy DEBUGINFOD_URLS=https://debuginfod.ubuntu.com /usr/bin/cmake /home/adrian/Escritorio/modelado/modelado-ws/src/roverto_moveit_config -DAMENT_CMAKE_SYMLINK_INSTALL=1 -DCMAKE_INSTALL_PREFIX=/home/adrian/Escritorio/modelado/modelado-ws/install/roverto_moveit_config
[1.795s] DEBUG:colcon.colcon_core.event_handler.log_command:Invoking command in '/home/adrian/Escritorio/modelado/modelado-ws/build/roverto_moveit_config': CMAKE_PREFIX_PATH=/home/adrian/Escritorio/modelado/modelado-ws/install/roverto_description:/home/adrian/Escritorio/modelado/modelado-ws/install/urjc_excavation_world:/home/adrian/Escritorio/modelado/modelado-ws/install/roverto_moveit_config:/home/adrian/Escritorio/3/1_cuatri/sis-dist/ros-ws/install/sdc_p4:/home/adrian/Escritorio/3/1_cuatri/sis-dist/ros-ws/install/prueba_pub_sub:/home/adrian/Escritorio/3/1_cuatri/sis-dist/ros-ws/install/copy_sdc_p4:/home/adrian/Escritorio/vision/vision-ws/install/yolo_bringup:/home/adrian/Escritorio/vision/vision-ws/install/practicafinal_grupo2:/home/adrian/Escritorio/vision/vision-ws/install/yolo_msgs:/home/adrian/Escritorio/vision/vision-ws/install/v4l2_camera:/home/adrian/Escritorio/vision/vision-ws/install/practica3-grupo2-1:/home/adrian/Escritorio/vision/vision-ws/install/practica2-grupo2:/home/adrian/Escritorio/vision/vision-ws/install/practica1-grupo2:/home/adrian/Escritorio/vision/vision-ws/install/oak_d_camera:/home/adrian/Escritorio/vision/vision-ws/install/computer_vision:/opt/ros/jazzy/opt/gz_sim_vendor:/opt/ros/jazzy/opt/gz_sensors_vendor:/opt/ros/jazzy/opt/gz_physics_vendor:/opt/ros/jazzy/opt/sdformat_vendor:/opt/ros/jazzy/opt/gz_gui_vendor:/opt/ros/jazzy/opt/gz_transport_vendor:/opt/ros/jazzy/opt/gz_rendering_vendor:/opt/ros/jazzy/opt/gz_plugin_vendor:/opt/ros/jazzy/opt/gz_fuel_tools_vendor:/opt/ros/jazzy/opt/gz_msgs_vendor:/opt/ros/jazzy/opt/gz_common_vendor:/opt/ros/jazzy/opt/gz_math_vendor:/opt/ros/jazzy/opt/gz_utils_vendor:/opt/ros/jazzy/opt/gz_tools_vendor:/opt/ros/jazzy/opt/gz_ogre_next_vendor:/opt/ros/jazzy/opt/gz_dartsim_vendor:/opt/ros/jazzy/opt/gz_cmake_vendor:/home/adrian/Escritorio/vision/vision-ws/install/yolo_ros:/opt/ros/jazzy DEBUGINFOD_URLS=https://debuginfod.ubuntu.com /usr/bin/cmake --build /home/adrian/Escritorio/modelado/modelado-ws/build/roverto_moveit_config -- -j16 -l16
[1.823s] DEBUG:colcon.colcon_core.event_handler.log_command:Invoked command in '/home/adrian/Escritorio/modelado/modelado-ws/build/roverto_moveit_config' returned '0': CMAKE_PREFIX_PATH=/home/adrian/Escritorio/modelado/modelado-ws/install/roverto_description:/home/adrian/Escritorio/modelado/modelado-ws/install/urjc_excavation_world:/home/adrian/Escritorio/modelado/modelado-ws/install/roverto_moveit_config:/home/adrian/Escritorio/3/1_cuatri/sis-dist/ros-ws/install/sdc_p4:/home/adrian/Escritorio/3/1_cuatri/sis-dist/ros-ws/install/prueba_pub_sub:/home/adrian/Escritorio/3/1_cuatri/sis-dist/ros-ws/install/copy_sdc_p4:/home/adrian/Escritorio/vision/vision-ws/install/yolo_bringup:/home/adrian/Escritorio/vision/vision-ws/install/practicafinal_grupo2:/home/adrian/Escritorio/vision/vision-ws/install/yolo_msgs:/home/adrian/Escritorio/vision/vision-ws/install/v4l2_camera:/home/adrian/Escritorio/vision/vision-ws/install/practica3-grupo2-1:/home/adrian/Escritorio/vision/vision-ws/install/practica2-grupo2:/home/adrian/Escritorio/vision/vision-ws/install/practica1-grupo2:/home/adrian/Escritorio/vision/vision-ws/install/oak_d_camera:/home/adrian/Escritorio/vision/vision-ws/install/computer_vision:/opt/ros/jazzy/opt/gz_sim_vendor:/opt/ros/jazzy/opt/gz_sensors_vendor:/opt/ros/jazzy/opt/gz_physics_vendor:/opt/ros/jazzy/opt/sdformat_vendor:/opt/ros/jazzy/opt/gz_gui_vendor:/opt/ros/jazzy/opt/gz_transport_vendor:/opt/ros/jazzy/opt/gz_rendering_vendor:/opt/ros/jazzy/opt/gz_plugin_vendor:/opt/ros/jazzy/opt/gz_fuel_tools_vendor:/opt/ros/jazzy/opt/gz_msgs_vendor:/opt/ros/jazzy/opt/gz_common_vendor:/opt/ros/jazzy/opt/gz_math_vendor:/opt/ros/jazzy/opt/gz_utils_vendor:/opt/ros/jazzy/opt/gz_tools_vendor:/opt/ros/jazzy/opt/gz_ogre_next_vendor:/opt/ros/jazzy/opt/gz_dartsim_vendor:/opt/ros/jazzy/opt/gz_cmake_vendor:/home/adrian/Escritorio/vision/vision-ws/install/yolo_ros:/opt/ros/jazzy DEBUGINFOD_URLS=https://debuginfod.ubuntu.com /usr/bin/cmake --build /home/adrian/Escritorio/modelado/modelado-ws/build/roverto_moveit_config -- -j16 -l16
[1.824s] DEBUG:colcon.colcon_core.event_handler.log_command:Invoking command in '/home/adrian/Escritorio/modelado/modelado-ws/build/roverto_moveit_config': CMAKE_PREFIX_PATH=/home/adrian/Escritorio/modelado/modelado-ws/install/roverto_description:/home/adrian/Escritorio/modelado/modelado-ws/install/urjc_excavation_world:/home/adrian/Escritorio/modelado/modelado-ws/install/roverto_moveit_config:/home/adrian/Escritorio/3/1_cuatri/sis-dist/ros-ws/install/sdc_p4:/home/adrian/Escritorio/3/1_cuatri/sis-dist/ros-ws/install/prueba_pub_sub:/home/adrian/Escritorio/3/1_cuatri/sis-dist/ros-ws/install/copy_sdc_p4:/home/adrian/Escritorio/vision/vision-ws/install/yolo_bringup:/home/adrian/Escritorio/vision/vision-ws/install/practicafinal_grupo2:/home/adrian/Escritorio/vision/vision-ws/install/yolo_msgs:/home/adrian/Escritorio/vision/vision-ws/install/v4l2_camera:/home/adrian/Escritorio/vision/vision-ws/install/practica3-grupo2-1:/home/adrian/Escritorio/vision/vision-ws/install/practica2-grupo2:/home/adrian/Escritorio/vision/vision-ws/install/practica1-grupo2:/home/adrian/Escritorio/vision/vision-ws/install/oak_d_camera:/home/adrian/Escritorio/vision/vision-ws/install/computer_vision:/opt/ros/jazzy/opt/gz_sim_vendor:/opt/ros/jazzy/opt/gz_sensors_vendor:/opt/ros/jazzy/opt/gz_physics_vendor:/opt/ros/jazzy/opt/sdformat_vendor:/opt/ros/jazzy/opt/gz_gui_vendor:/opt/ros/jazzy/opt/gz_transport_vendor:/opt/ros/jazzy/opt/gz_rendering_vendor:/opt/ros/jazzy/opt/gz_plugin_vendor:/opt/ros/jazzy/opt/gz_fuel_tools_vendor:/opt/ros/jazzy/opt/gz_msgs_vendor:/opt/ros/jazzy/opt/gz_common_vendor:/opt/ros/jazzy/opt/gz_math_vendor:/opt/ros/jazzy/opt/gz_utils_vendor:/opt/ros/jazzy/opt/gz_tools_vendor:/opt/ros/jazzy/opt/gz_ogre_next_vendor:/opt/ros/jazzy/opt/gz_dartsim_vendor:/opt/ros/jazzy/opt/gz_cmake_vendor:/home/adrian/Escritorio/vision/vision-ws/install/yolo_ros:/opt/ros/jazzy DEBUGINFOD_URLS=https://debuginfod.ubuntu.com /usr/bin/cmake --install /home/adrian/Escritorio/modelado/modelado-ws/build/roverto_moveit_config
[2.034s] Level 1:colcon.colcon_core.environment:create_environment_scripts_only(roverto_moveit_config)
[2.034s] Level 1:colcon.colcon_core.environment:checking '/home/adrian/Escritorio/modelado/modelado-ws/install/roverto_moveit_config' for CMake module files
[2.034s] DEBUG:colcon.colcon_core.event_handler.log_command:Invoked command in '/home/adrian/Escritorio/modelado/modelado-ws/build/roverto_moveit_config' returned '0': CMAKE_PREFIX_PATH=/home/adrian/Escritorio/modelado/modelado-ws/install/roverto_description:/home/adrian/Escritorio/modelado/modelado-ws/install/urjc_excavation_world:/home/adrian/Escritorio/modelado/modelado-ws/install/roverto_moveit_config:/home/adrian/Escritorio/3/1_cuatri/sis-dist/ros-ws/install/sdc_p4:/home/adrian/Escritorio/3/1_cuatri/sis-dist/ros-ws/install/prueba_pub_sub:/home/adrian/Escritorio/3/1_cuatri/sis-dist/ros-ws/install/copy_sdc_p4:/home/adrian/Escritorio/vision/vision-ws/install/yolo_bringup:/home/adrian/Escritorio/vision/vision-ws/install/practicafinal_grupo2:/home/adrian/Escritorio/vision/vision-ws/install/yolo_msgs:/home/adrian/Escritorio/vision/vision-ws/install/v4l2_camera:/home/adrian/Escritorio/vision/vision-ws/install/practica3-grupo2-1:/home/adrian/Escritorio/vision/vision-ws/install/practica2-grupo2:/home/adrian/Escritorio/vision/vision-ws/install/practica1-grupo2:/home/adrian/Escritorio/vision/vision-ws/install/oak_d_camera:/home/adrian/Escritorio/vision/vision-ws/install/computer_vision:/opt/ros/jazzy/opt/gz_sim_vendor:/opt/ros/jazzy/opt/gz_sensors_vendor:/opt/ros/jazzy/opt/gz_physics_vendor:/opt/ros/jazzy/opt/sdformat_vendor:/opt/ros/jazzy/opt/gz_gui_vendor:/opt/ros/jazzy/opt/gz_transport_vendor:/opt/ros/jazzy/opt/gz_rendering_vendor:/opt/ros/jazzy/opt/gz_plugin_vendor:/opt/ros/jazzy/opt/gz_fuel_tools_vendor:/opt/ros/jazzy/opt/gz_msgs_vendor:/opt/ros/jazzy/opt/gz_common_vendor:/opt/ros/jazzy/opt/gz_math_vendor:/opt/ros/jazzy/opt/gz_utils_vendor:/opt/ros/jazzy/opt/gz_tools_vendor:/opt/ros/jazzy/opt/gz_ogre_next_vendor:/opt/ros/jazzy/opt/gz_dartsim_vendor:/opt/ros/jazzy/opt/gz_cmake_vendor:/home/adrian/Escritorio/vision/vision-ws/install/yolo_ros:/opt/ros/jazzy DEBUGINFOD_URLS=https://debuginfod.ubuntu.com /usr/bin/cmake --install /home/adrian/Escritorio/modelado/modelado-ws/build/roverto_moveit_config
[2.035s] Level 1:colcon.colcon_core.environment:checking '/home/adrian/Escritorio/modelado/modelado-ws/install/roverto_moveit_config' for CMake config files
[2.035s] Level 1:colcon.colcon_core.shell:create_environment_hook('roverto_moveit_config', 'cmake_prefix_path')
[2.035s] INFO:colcon.colcon_core.shell:Creating environment hook '/home/adrian/Escritorio/modelado/modelado-ws/install/roverto_moveit_config/share/roverto_moveit_config/hook/cmake_prefix_path.ps1'
[2.035s] INFO:colcon.colcon_core.shell:Creating environment descriptor '/home/adrian/Escritorio/modelado/modelado-ws/install/roverto_moveit_config/share/roverto_moveit_config/hook/cmake_prefix_path.dsv'
[2.035s] INFO:colcon.colcon_core.shell:Creating environment hook '/home/adrian/Escritorio/modelado/modelado-ws/install/roverto_moveit_config/share/roverto_moveit_config/hook/cmake_prefix_path.sh'
[2.035s] Level 1:colcon.colcon_core.environment:checking '/home/adrian/Escritorio/modelado/modelado-ws/install/roverto_moveit_config/bin'
[2.035s] Level 1:colcon.colcon_core.environment:checking '/home/adrian/Escritorio/modelado/modelado-ws/install/roverto_moveit_config/lib/pkgconfig/roverto_moveit_config.pc'
[2.036s] Level 1:colcon.colcon_core.environment:checking '/home/adrian/Escritorio/modelado/modelado-ws/install/roverto_moveit_config/lib/python3.12/site-packages'
[2.036s] Level 1:colcon.colcon_core.environment:checking '/home/adrian/Escritorio/modelado/modelado-ws/install/roverto_moveit_config/bin'
[2.036s] INFO:colcon.colcon_core.shell:Creating package script '/home/adrian/Escritorio/modelado/modelado-ws/install/roverto_moveit_config/share/roverto_moveit_config/package.ps1'
[2.036s] INFO:colcon.colcon_core.shell:Creating package descriptor '/home/adrian/Escritorio/modelado/modelado-ws/install/roverto_moveit_config/share/roverto_moveit_config/package.dsv'
[2.036s] INFO:colcon.colcon_core.shell:Creating package script '/home/adrian/Escritorio/modelado/modelado-ws/install/roverto_moveit_config/share/roverto_moveit_config/package.sh'
[2.036s] INFO:colcon.colcon_core.shell:Creating package script '/home/adrian/Escritorio/modelado/modelado-ws/install/roverto_moveit_config/share/roverto_moveit_config/package.bash'
[2.037s] INFO:colcon.colcon_core.shell:Creating package script '/home/adrian/Escritorio/modelado/modelado-ws/install/roverto_moveit_config/share/roverto_moveit_config/package.zsh'
[2.037s] Level 1:colcon.colcon_core.environment:create_file_with_runtime_dependencies(/home/adrian/Escritorio/modelado/modelado-ws/install/roverto_moveit_config/share/colcon-core/packages/roverto_moveit_config)
[2.037s] Level 1:colcon.colcon_core.environment:create_environment_scripts_only(roverto_moveit_config)
[2.037s] Level 1:colcon.colcon_core.environment:checking '/home/adrian/Escritorio/modelado/modelado-ws/install/roverto_moveit_config' for CMake module files
[2.037s] Level 1:colcon.colcon_core.environment:checking '/home/adrian/Escritorio/modelado/modelado-ws/install/roverto_moveit_config' for CMake config files
[2.037s] Level 1:colcon.colcon_core.shell:create_environment_hook('roverto_moveit_config', 'cmake_prefix_path')
[2.037s] INFO:colcon.colcon_core.shell:Creating environment hook '/home/adrian/Escritorio/modelado/modelado-ws/install/roverto_moveit_config/share/roverto_moveit_config/hook/cmake_prefix_path.ps1'
[2.038s] INFO:colcon.colcon_core.shell:Creating environment descriptor '/home/adrian/Escritorio/modelado/modelado-ws/install/roverto_moveit_config/share/roverto_moveit_config/hook/cmake_prefix_path.dsv'
[2.038s] INFO:colcon.colcon_core.shell:Creating environment hook '/home/adrian/Escritorio/modelado/modelado-ws/install/roverto_moveit_config/share/roverto_moveit_config/hook/cmake_prefix_path.sh'
[2.038s] Level 1:colcon.colcon_core.environment:checking '/home/adrian/Escritorio/modelado/modelado-ws/install/roverto_moveit_config/bin'
[2.038s] Level 1:colcon.colcon_core.environment:checking '/home/adrian/Escritorio/modelado/modelado-ws/install/roverto_moveit_config/lib/pkgconfig/roverto_moveit_config.pc'
[2.038s] Level 1:colcon.colcon_core.environment:checking '/home/adrian/Escritorio/modelado/modelado-ws/install/roverto_moveit_config/lib/python3.12/site-packages'
[2.038s] Level 1:colcon.colcon_core.environment:checking '/home/adrian/Escritorio/modelado/modelado-ws/install/roverto_moveit_config/bin'
[2.039s] INFO:colcon.colcon_core.shell:Creating package script '/home/adrian/Escritorio/modelado/modelado-ws/install/roverto_moveit_config/share/roverto_moveit_config/package.ps1'
[2.039s] INFO:colcon.colcon_core.shell:Creating package descriptor '/home/adrian/Escritorio/modelado/modelado-ws/install/roverto_moveit_config/share/roverto_moveit_config/package.dsv'
[2.039s] INFO:colcon.colcon_core.shell:Creating package script '/home/adrian/Escritorio/modelado/modelado-ws/install/roverto_moveit_config/share/roverto_moveit_config/package.sh'
[2.039s] INFO:colcon.colcon_core.shell:Creating package script '/home/adrian/Escritorio/modelado/modelado-ws/install/roverto_moveit_config/share/roverto_moveit_config/package.bash'
[2.039s] INFO:colcon.colcon_core.shell:Creating package script '/home/adrian/Escritorio/modelado/modelado-ws/install/roverto_moveit_config/share/roverto_moveit_config/package.zsh'
[2.040s] Level 1:colcon.colcon_core.environment:create_file_with_runtime_dependencies(/home/adrian/Escritorio/modelado/modelado-ws/install/roverto_moveit_config/share/colcon-core/packages/roverto_moveit_config)
[2.040s] DEBUG:colcon.colcon_parallel_executor.executor.parallel:closing loop
[2.040s] DEBUG:colcon.colcon_parallel_executor.executor.parallel:loop closed
[2.040s] DEBUG:colcon.colcon_parallel_executor.executor.parallel:run_until_complete finished with '0'
[2.040s] DEBUG:colcon.colcon_core.event_reactor:joining thread
[2.047s] INFO:colcon.colcon_core.plugin_system:Skipping extension 'colcon_notification.desktop_notification.terminal_notifier': Not used on non-Darwin systems
[2.047s] INFO:colcon.colcon_core.plugin_system:Skipping extension 'colcon_notification.desktop_notification.win32': Not used on non-Windows systems
[2.047s] INFO:colcon.colcon_notification.desktop_notification:Sending desktop notification using 'notify2'
[2.056s] DEBUG:colcon.colcon_core.event_reactor:joined thread
[2.056s] INFO:colcon.colcon_core.shell:Creating prefix script '/home/adrian/Escritorio/modelado/modelado-ws/install/local_setup.ps1'
[2.057s] INFO:colcon.colcon_core.shell:Creating prefix util module '/home/adrian/Escritorio/modelado/modelado-ws/install/_local_setup_util_ps1.py'
[2.058s] INFO:colcon.colcon_core.shell:Creating prefix chain script '/home/adrian/Escritorio/modelado/modelado-ws/install/setup.ps1'
[2.059s] INFO:colcon.colcon_core.shell:Creating prefix script '/home/adrian/Escritorio/modelado/modelado-ws/install/local_setup.sh'
[2.059s] INFO:colcon.colcon_core.shell:Creating prefix util module '/home/adrian/Escritorio/modelado/modelado-ws/install/_local_setup_util_sh.py'
[2.059s] INFO:colcon.colcon_core.shell:Creating prefix chain script '/home/adrian/Escritorio/modelado/modelado-ws/install/setup.sh'
[2.060s] INFO:colcon.colcon_core.shell:Creating prefix script '/home/adrian/Escritorio/modelado/modelado-ws/install/local_setup.bash'
[2.060s] INFO:colcon.colcon_core.shell:Creating prefix chain script '/home/adrian/Escritorio/modelado/modelado-ws/install/setup.bash'
[2.061s] INFO:colcon.colcon_core.shell:Creating prefix script '/home/adrian/Escritorio/modelado/modelado-ws/install/local_setup.zsh'
[2.062s] INFO:colcon.colcon_core.shell:Creating prefix chain script '/home/adrian/Escritorio/modelado/modelado-ws/install/setup.zsh'
